TN:
SF:app.js
FN:51,(anonymous_0)
FN:65,(anonymous_1)
FNF:2
FNH:0
FNDA:0,(anonymous_0)
FNDA:0,(anonymous_1)
DA:1,0
DA:2,0
DA:3,0
DA:4,0
DA:5,0
DA:6,0
DA:7,0
DA:8,0
DA:9,0
DA:12,0
DA:14,0
DA:15,0
DA:33,0
DA:34,0
DA:37,0
DA:42,0
DA:43,0
DA:47,0
DA:48,0
DA:51,0
DA:52,0
DA:56,0
DA:59,0
DA:62,0
DA:64,0
DA:65,0
DA:66,0
DA:67,0
LF:28
LH:0
BRDA:33,0,0,0
BRDA:33,0,1,0
BRDA:64,1,0,0
BRDA:64,1,1,0
BRF:4
BRH:0
end_of_record
TN:
SF:Controller\asideData\asideDataCt.js
FN:4,(anonymous_0)
FNF:1
FNH:0
FNDA:0,(anonymous_0)
DA:1,1
DA:2,1
DA:4,1
DA:5,0
DA:6,0
DA:7,0
DA:8,0
DA:9,0
DA:10,0
DA:12,0
DA:14,0
LF:11
LH:3
BRDA:9,0,0,0
BRDA:9,0,1,0
BRF:2
BRH:0
end_of_record
TN:
SF:Controller\authentication\authCt.js
FN:6,(anonymous_0)
FNF:1
FNH:0
FNDA:0,(anonymous_0)
DA:1,1
DA:2,1
DA:3,1
DA:4,1
DA:6,1
DA:7,0
DA:8,0
DA:9,0
DA:10,0
DA:11,0
DA:14,0
DA:16,0
DA:20,0
DA:21,0
DA:23,0
DA:25,0
DA:26,0
DA:27,0
DA:31,0
DA:40,0
DA:42,0
DA:50,0
DA:51,0
DA:54,0
DA:55,0
DA:56,0
DA:59,0
DA:61,0
DA:62,0
LF:29
LH:5
BRDA:10,0,0,0
BRDA:10,0,1,0
BRDA:10,1,0,0
BRDA:10,1,1,0
BRDA:20,2,0,0
BRDA:20,2,1,0
BRDA:26,3,0,0
BRDA:26,3,1,0
BRDA:55,4,0,0
BRDA:55,4,1,0
BRDA:55,5,0,0
BRDA:55,5,1,0
BRF:12
BRH:0
end_of_record
TN:
SF:Controller\authentication\forgotPasswordCt.js
FN:4,(anonymous_0)
FNF:1
FNH:0
FNDA:0,(anonymous_0)
DA:1,1
DA:2,1
DA:4,1
DA:5,0
DA:6,0
DA:7,0
DA:8,0
DA:10,0
DA:12,0
DA:13,0
DA:14,0
DA:15,0
DA:16,0
DA:17,0
DA:20,0
DA:21,0
DA:22,0
DA:25,0
DA:27,0
DA:29,0
DA:30,0
DA:32,0
DA:33,0
DA:35,0
DA:36,0
DA:37,0
DA:38,0
DA:39,0
DA:40,0
DA:41,0
DA:42,0
DA:43,0
DA:45,0
DA:46,0
DA:47,0
DA:49,0
DA:51,0
DA:52,0
DA:53,0
DA:54,0
DA:55,0
DA:59,0
DA:60,0
DA:64,1
LF:44
LH:4
BRDA:12,0,0,0
BRDA:12,0,1,0
BRDA:15,1,0,0
BRDA:15,1,1,0
BRDA:20,2,0,0
BRDA:20,2,1,0
BRDA:36,3,0,0
BRDA:36,3,1,0
BRDA:40,4,0,0
BRDA:40,4,1,0
BRF:10
BRH:0
end_of_record
TN:
SF:Controller\authentication\regLoginCt.js
FN:8,(anonymous_0)
FN:20,(anonymous_1)
FNF:2
FNH:0
FNDA:0,(anonymous_0)
FNDA:0,(anonymous_1)
DA:2,0
DA:3,0
DA:4,0
DA:5,0
DA:6,0
DA:8,0
DA:9,0
DA:10,0
DA:12,0
DA:13,0
DA:14,0
DA:16,0
DA:20,0
DA:21,0
DA:22,0
DA:23,0
DA:24,0
DA:25,0
DA:26,0
DA:29,0
DA:30,0
DA:31,0
DA:34,0
DA:37,0
DA:43,0
DA:45,0
LF:26
LH:0
BRDA:25,0,0,0
BRDA:25,0,1,0
BRDA:30,1,0,0
BRDA:30,1,1,0
BRDA:34,2,0,0
BRDA:34,2,1,0
BRF:6
BRH:0
end_of_record
TN:
SF:Controller\authentication\resetPasswordCt.js
FN:3,(anonymous_0)
FNF:1
FNH:0
FNDA:0,(anonymous_0)
DA:1,1
DA:3,1
DA:4,0
DA:5,0
DA:7,0
DA:10,0
DA:11,0
DA:13,0
DA:14,0
DA:16,0
DA:17,0
DA:18,0
DA:21,0
DA:22,0
DA:23,0
DA:24,0
DA:25,0
DA:26,0
DA:28,0
DA:32,0
DA:38,0
DA:39,0
DA:40,0
DA:43,0
DA:45,0
DA:47,0
DA:48,0
DA:51,0
DA:53,0
DA:54,0
DA:57,0
DA:58,0
DA:62,1
LF:33
LH:3
BRDA:22,0,0,0
BRDA:22,0,1,0
BRDA:38,1,0,0
BRDA:38,1,1,0
BRF:4
BRH:0
end_of_record
TN:
SF:Controller\authentication\tenantCt.js
FN:4,(anonymous_0)
FN:14,(anonymous_1)
FN:35,(anonymous_2)
FN:71,(anonymous_3)
FNF:4
FNH:0
FNDA:0,(anonymous_0)
FNDA:0,(anonymous_1)
FNDA:0,(anonymous_2)
FNDA:0,(anonymous_3)
DA:1,0
DA:4,0
DA:5,0
DA:6,0
DA:7,0
DA:9,0
DA:14,0
DA:15,0
DA:16,0
DA:17,0
DA:20,0
DA:21,0
DA:22,0
DA:23,0
DA:26,0
DA:27,0
DA:28,0
DA:30,0
DA:35,0
DA:36,0
DA:37,0
DA:41,0
DA:42,0
DA:43,0
DA:45,0
DA:46,0
DA:49,0
DA:50,0
DA:53,0
DA:54,0
DA:60,0
DA:61,0
DA:64,0
DA:66,0
DA:71,0
DA:72,0
DA:74,0
DA:75,0
DA:77,0
DA:78,0
DA:81,0
DA:83,0
LF:42
LH:0
BRDA:16,0,0,0
BRDA:16,0,1,0
BRDA:16,1,0,0
BRDA:16,1,1,0
BRDA:16,1,2,0
BRDA:26,2,0,0
BRDA:26,2,1,0
BRDA:42,3,0,0
BRDA:42,3,1,0
BRDA:45,4,0,0
BRDA:45,4,1,0
BRDA:49,5,0,0
BRDA:49,5,1,0
BRDA:60,6,0,0
BRDA:60,6,1,0
BRDA:77,7,0,0
BRDA:77,7,1,0
BRF:17
BRH:0
end_of_record
TN:
SF:Controller\authentication\verifyOtpCt.js
FN:4,(anonymous_0)
FNF:1
FNH:0
FNDA:0,(anonymous_0)
DA:1,1
DA:4,1
DA:5,0
DA:6,0
DA:7,0
DA:8,0
DA:10,0
DA:11,0
DA:14,0
DA:15,0
DA:21,0
DA:22,0
DA:25,0
DA:28,0
DA:29,0
DA:32,0
DA:33,0
DA:34,0
DA:36,0
DA:37,0
DA:39,0
DA:42,0
DA:48,0
DA:49,0
DA:53,1
LF:25
LH:3
BRDA:10,0,0,0
BRDA:10,0,1,0
BRDA:10,1,0,0
BRDA:10,1,1,0
BRDA:21,2,0,0
BRDA:21,2,1,0
BRF:6
BRH:0
end_of_record
TN:
SF:Controller\enrollments\enrollmentsCt.js
FN:24,(anonymous_0)
FN:73,(anonymous_1)
FN:138,(anonymous_2)
FN:202,(anonymous_3)
FN:222,(anonymous_4)
FN:286,(anonymous_5)
FN:315,(anonymous_6)
FN:352,(anonymous_7)
FN:356,(anonymous_8)
FN:361,(anonymous_9)
FN:361,(anonymous_10)
FN:362,(anonymous_11)
FN:365,(anonymous_12)
FN:372,(anonymous_13)
FN:389,(anonymous_14)
FN:402,(anonymous_15)
FNF:16
FNH:0
FNDA:0,(anonymous_0)
FNDA:0,(anonymous_1)
FNDA:0,(anonymous_2)
FNDA:0,(anonymous_3)
FNDA:0,(anonymous_4)
FNDA:0,(anonymous_5)
FNDA:0,(anonymous_6)
FNDA:0,(anonymous_7)
FNDA:0,(anonymous_8)
FNDA:0,(anonymous_9)
FNDA:0,(anonymous_10)
FNDA:0,(anonymous_11)
FNDA:0,(anonymous_12)
FNDA:0,(anonymous_13)
FNDA:0,(anonymous_14)
FNDA:0,(anonymous_15)
DA:1,1
DA:2,1
DA:3,1
DA:4,1
DA:5,1
DA:6,1
DA:7,1
DA:8,1
DA:9,1
DA:10,1
DA:11,1
DA:12,1
DA:13,1
DA:14,1
DA:15,1
DA:18,1
DA:24,1
DA:25,0
DA:26,0
DA:28,0
DA:30,0
DA:31,0
DA:32,0
DA:33,0
DA:34,0
DA:35,0
DA:37,0
DA:38,0
DA:48,0
DA:49,0
DA:50,0
DA:54,0
DA:68,0
DA:72,0
DA:73,0
DA:75,0
DA:76,0
DA:77,0
DA:78,0
DA:79,0
DA:80,0
DA:81,0
DA:84,0
DA:96,0
DA:98,0
DA:99,0
DA:100,0
DA:101,0
DA:138,0
DA:139,0
DA:140,0
DA:141,0
DA:142,0
DA:143,0
DA:147,0
DA:148,0
DA:160,0
DA:162,0
DA:163,0
DA:164,0
DA:165,0
DA:202,0
DA:203,0
DA:204,0
DA:205,0
DA:206,0
DA:207,0
DA:211,0
DA:212,0
DA:213,0
DA:214,0
DA:215,0
DA:216,0
DA:218,0
DA:222,1
DA:223,0
DA:237,0
DA:239,0
DA:240,0
DA:255,0
DA:261,0
DA:262,0
DA:272,0
DA:273,0
DA:282,0
DA:286,1
DA:287,0
DA:288,0
DA:290,0
DA:291,0
DA:293,0
DA:294,0
DA:295,0
DA:296,0
DA:298,0
DA:302,0
DA:303,0
DA:310,0
DA:315,1
DA:319,0
DA:320,0
DA:322,0
DA:323,0
DA:326,0
DA:327,0
DA:330,0
DA:331,0
DA:335,0
DA:337,0
DA:339,0
DA:340,0
DA:342,0
DA:343,0
DA:345,0
DA:349,0
DA:351,0
DA:352,0
DA:355,0
DA:356,0
DA:357,0
DA:361,0
DA:362,0
DA:363,0
DA:364,0
DA:365,0
DA:366,0
DA:368,0
DA:369,0
DA:371,0
DA:372,0
DA:377,0
DA:379,0
DA:380,0
DA:383,0
DA:384,0
DA:385,0
DA:387,0
DA:389,0
DA:390,0
DA:393,0
DA:394,0
DA:395,0
DA:396,0
DA:397,0
DA:399,0
DA:402,0
DA:403,0
DA:404,0
DA:406,0
DA:409,0
DA:410,0
LF:151
LH:20
BRDA:32,0,0,0
BRDA:32,0,1,0
BRDA:34,1,0,0
BRDA:34,1,1,0
BRDA:35,2,0,0
BRDA:35,2,1,0
BRDA:37,3,0,0
BRDA:37,3,1,0
BRDA:72,4,0,0
BRDA:72,4,1,0
BRDA:72,5,0,0
BRDA:72,5,1,0
BRDA:75,6,0,0
BRDA:75,6,1,0
BRDA:77,7,0,0
BRDA:77,7,1,0
BRDA:99,8,0,0
BRDA:99,8,1,0
BRDA:138,9,0,0
BRDA:138,9,1,0
BRDA:138,9,2,0
BRDA:138,9,3,0
BRDA:140,10,0,0
BRDA:140,10,1,0
BRDA:147,11,0,0
BRDA:147,11,1,0
BRDA:163,12,0,0
BRDA:163,12,1,0
BRDA:202,13,0,0
BRDA:202,13,1,0
BRDA:202,13,2,0
BRDA:202,13,3,0
BRDA:204,14,0,0
BRDA:204,14,1,0
BRDA:212,15,0,0
BRDA:212,15,1,0
BRDA:261,16,0,0
BRDA:261,16,1,0
BRDA:264,17,0,0
BRDA:264,17,1,0
BRDA:272,18,0,0
BRDA:272,18,1,0
BRDA:275,19,0,0
BRDA:275,19,1,0
BRDA:293,20,0,0
BRDA:293,20,1,0
BRDA:295,21,0,0
BRDA:295,21,1,0
BRDA:295,22,0,0
BRDA:295,22,1,0
BRDA:302,23,0,0
BRDA:302,23,1,0
BRDA:322,24,0,0
BRDA:322,24,1,0
BRDA:322,25,0,0
BRDA:322,25,1,0
BRDA:326,26,0,0
BRDA:326,26,1,0
BRDA:326,27,0,0
BRDA:326,27,1,0
BRDA:330,28,0,0
BRDA:330,28,1,0
BRDA:330,29,0,0
BRDA:330,29,1,0
BRDA:339,30,0,0
BRDA:339,30,1,0
BRDA:342,31,0,0
BRDA:342,31,1,0
BRDA:342,32,0,0
BRDA:342,32,1,0
BRDA:345,33,0,0
BRDA:345,33,1,0
BRDA:364,34,0,0
BRDA:364,34,1,0
BRDA:366,35,0,0
BRDA:366,35,1,0
BRDA:368,36,0,0
BRDA:368,36,1,0
BRDA:371,37,0,0
BRDA:371,37,1,0
BRDA:371,38,0,0
BRDA:371,38,1,0
BRDA:374,39,0,0
BRDA:374,39,1,0
BRDA:379,40,0,0
BRDA:379,40,1,0
BRDA:379,41,0,0
BRDA:379,41,1,0
BRDA:383,42,0,0
BRDA:383,42,1,0
BRDA:384,43,0,0
BRDA:384,43,1,0
BRDA:393,44,0,0
BRDA:393,44,1,0
BRDA:403,45,0,0
BRDA:403,45,1,0
BRF:96
BRH:0
end_of_record
TN:
SF:Controller\generalData\generalDataCt.js
FN:5,(anonymous_0)
FN:17,(anonymous_1)
FN:30,(anonymous_2)
FN:52,(anonymous_3)
FN:75,(anonymous_4)
FN:88,(anonymous_5)
FN:90,(anonymous_6)
FN:90,(anonymous_7)
FNF:8
FNH:0
FNDA:0,(anonymous_0)
FNDA:0,(anonymous_1)
FNDA:0,(anonymous_2)
FNDA:0,(anonymous_3)
FNDA:0,(anonymous_4)
FNDA:0,(anonymous_5)
FNDA:0,(anonymous_6)
FNDA:0,(anonymous_7)
DA:1,1
DA:2,1
DA:3,1
DA:5,1
DA:6,0
DA:7,0
DA:8,0
DA:10,0
DA:11,0
DA:12,0
DA:13,0
DA:16,0
DA:17,0
DA:18,0
DA:19,0
DA:21,0
DA:23,0
DA:26,0
DA:30,1
DA:31,0
DA:32,0
DA:33,0
DA:35,0
DA:36,0
DA:37,0
DA:39,0
DA:40,0
DA:41,0
DA:43,0
DA:46,0
DA:48,0
DA:52,1
DA:53,0
DA:54,0
DA:55,0
DA:57,0
DA:58,0
DA:65,0
DA:66,0
DA:68,0
DA:71,0
DA:75,1
DA:76,0
DA:77,0
DA:78,0
DA:80,0
DA:81,0
DA:83,0
DA:84,0
DA:88,0
DA:90,0
DA:92,0
DA:93,0
DA:96,0
DA:97,0
DA:99,0
DA:101,0
LF:57
LH:7
BRDA:12,0,0,0
BRDA:12,0,1,0
BRDA:16,1,0,0
BRDA:16,1,1,0
BRDA:18,2,0,0
BRDA:18,2,1,0
BRDA:39,3,0,0
BRDA:39,3,1,0
BRDA:65,4,0,0
BRDA:65,4,1,0
BRDA:83,5,0,0
BRDA:83,5,1,0
BRDA:92,6,0,0
BRDA:92,6,1,0
BRF:14
BRH:0
end_of_record
TN:
SF:Controller\instituteData\academicYearCt.js
FN:6,(anonymous_0)
FN:11,formatAcademicYear
FN:12,extractDate
FN:19,(anonymous_3)
FN:26,(anonymous_4)
FN:31,(anonymous_5)
FN:48,(anonymous_6)
FN:54,(anonymous_7)
FN:63,(anonymous_8)
FN:76,(anonymous_9)
FN:96,(anonymous_10)
FNF:11
FNH:0
FNDA:0,(anonymous_0)
FNDA:0,formatAcademicYear
FNDA:0,extractDate
FNDA:0,(anonymous_3)
FNDA:0,(anonymous_4)
FNDA:0,(anonymous_5)
FNDA:0,(anonymous_6)
FNDA:0,(anonymous_7)
FNDA:0,(anonymous_8)
FNDA:0,(anonymous_9)
FNDA:0,(anonymous_10)
DA:1,1
DA:2,1
DA:3,1
DA:6,1
DA:7,0
DA:8,0
DA:9,0
DA:13,0
DA:14,0
DA:16,0
DA:17,0
DA:18,0
DA:19,0
DA:20,0
DA:23,0
DA:24,0
DA:25,0
DA:26,0
DA:31,0
DA:32,0
DA:34,0
DA:37,0
DA:38,0
DA:40,0
DA:43,0
DA:46,0
DA:48,0
DA:54,0
DA:55,0
DA:58,0
DA:63,1
DA:64,0
DA:65,0
DA:67,0
DA:68,0
DA:69,0
DA:71,0
DA:76,1
DA:77,0
DA:78,0
DA:80,0
DA:81,0
DA:83,0
DA:84,0
DA:85,0
DA:86,0
DA:88,0
DA:91,0
DA:96,1
DA:97,0
DA:98,0
DA:100,0
DA:101,0
DA:104,0
DA:105,0
DA:107,0
DA:108,0
DA:110,0
DA:113,0
LF:59
LH:7
BRDA:8,0,0,0
BRDA:8,0,1,0
BRDA:13,1,0,0
BRDA:13,1,1,0
BRDA:13,2,0,0
BRDA:13,2,1,0
BRDA:13,2,2,0
BRDA:18,3,0,0
BRDA:18,3,1,0
BRDA:18,4,0,0
BRDA:18,4,1,0
BRDA:19,5,0,0
BRDA:19,5,1,0
BRDA:24,6,0,0
BRDA:24,6,1,0
BRDA:34,7,0,0
BRDA:34,7,1,0
BRDA:38,8,0,0
BRDA:38,8,1,0
BRDA:83,9,0,0
BRDA:83,9,1,0
BRDA:85,10,0,0
BRDA:85,10,1,0
BRDA:85,11,0,0
BRDA:85,11,1,0
BRDA:100,12,0,0
BRDA:100,12,1,0
BRDA:100,13,0,0
BRDA:100,13,1,0
BRDA:107,14,0,0
BRDA:107,14,1,0
BRF:31
BRH:0
end_of_record
TN:
SF:Controller\instituteData\departmentCt.js
FN:27,(anonymous_0)
FN:73,(anonymous_1)
FN:114,(anonymous_2)
FN:148,(anonymous_3)
FN:181,(anonymous_4)
FN:213,(anonymous_5)
FN:251,(anonymous_6)
FN:293,(anonymous_7)
FN:297,(anonymous_8)
FN:302,(anonymous_9)
FN:302,(anonymous_10)
FN:303,(anonymous_11)
FN:306,(anonymous_12)
FN:313,(anonymous_13)
FN:330,(anonymous_14)
FN:343,(anonymous_15)
FNF:16
FNH:0
FNDA:0,(anonymous_0)
FNDA:0,(anonymous_1)
FNDA:0,(anonymous_2)
FNDA:0,(anonymous_3)
FNDA:0,(anonymous_4)
FNDA:0,(anonymous_5)
FNDA:0,(anonymous_6)
FNDA:0,(anonymous_7)
FNDA:0,(anonymous_8)
FNDA:0,(anonymous_9)
FNDA:0,(anonymous_10)
FNDA:0,(anonymous_11)
FNDA:0,(anonymous_12)
FNDA:0,(anonymous_13)
FNDA:0,(anonymous_14)
FNDA:0,(anonymous_15)
DA:2,1
DA:3,1
DA:4,1
DA:5,1
DA:6,1
DA:7,1
DA:8,1
DA:9,1
DA:10,1
DA:11,1
DA:12,1
DA:13,1
DA:14,1
DA:15,1
DA:18,1
DA:27,1
DA:28,0
DA:29,0
DA:31,0
DA:32,0
DA:39,0
DA:45,0
DA:46,0
DA:47,0
DA:48,0
DA:49,0
DA:51,0
DA:52,0
DA:53,0
DA:54,0
DA:55,0
DA:56,0
DA:59,0
DA:68,0
DA:73,1
DA:74,0
DA:75,0
DA:76,0
DA:77,0
DA:78,0
DA:79,0
DA:80,0
DA:81,0
DA:83,0
DA:87,0
DA:88,0
DA:97,0
DA:98,0
DA:107,0
DA:114,1
DA:115,0
DA:116,0
DA:117,0
DA:119,0
DA:120,0
DA:121,0
DA:122,0
DA:123,0
DA:124,0
DA:125,0
DA:126,0
DA:127,0
DA:128,0
DA:129,0
DA:132,0
DA:133,0
DA:134,0
DA:138,0
DA:143,0
DA:147,0
DA:148,0
DA:150,0
DA:151,0
DA:152,0
DA:153,0
DA:154,0
DA:155,0
DA:156,0
DA:159,0
DA:160,0
DA:162,0
DA:163,0
DA:164,0
DA:165,0
DA:181,0
DA:182,0
DA:183,0
DA:184,0
DA:185,0
DA:186,0
DA:190,0
DA:191,0
DA:192,0
DA:194,0
DA:195,0
DA:196,0
DA:197,0
DA:213,0
DA:214,0
DA:215,0
DA:216,0
DA:217,0
DA:218,0
DA:222,0
DA:223,0
DA:224,0
DA:225,0
DA:226,0
DA:227,0
DA:229,0
DA:251,1
DA:253,0
DA:254,0
DA:255,0
DA:256,0
DA:257,0
DA:258,0
DA:260,0
DA:261,0
DA:263,0
DA:264,0
DA:267,0
DA:268,0
DA:271,0
DA:272,0
DA:276,0
DA:278,0
DA:280,0
DA:281,0
DA:283,0
DA:284,0
DA:286,0
DA:290,0
DA:292,0
DA:293,0
DA:296,0
DA:297,0
DA:298,0
DA:302,0
DA:303,0
DA:304,0
DA:305,0
DA:306,0
DA:307,0
DA:309,0
DA:310,0
DA:312,0
DA:313,0
DA:318,0
DA:320,0
DA:321,0
DA:324,0
DA:325,0
DA:326,0
DA:328,0
DA:330,0
DA:331,0
DA:334,0
DA:335,0
DA:336,0
DA:337,0
DA:338,0
DA:340,0
DA:343,0
DA:344,0
DA:345,0
DA:347,0
DA:350,0
DA:351,0
LF:169
LH:19
BRDA:45,0,0,0
BRDA:45,0,1,0
BRDA:51,1,0,0
BRDA:51,1,1,0
BRDA:54,2,0,0
BRDA:54,2,1,0
BRDA:78,3,0,0
BRDA:78,3,1,0
BRDA:80,4,0,0
BRDA:80,4,1,0
BRDA:80,5,0,0
BRDA:80,5,1,0
BRDA:87,6,0,0
BRDA:87,6,1,0
BRDA:97,7,0,0
BRDA:97,7,1,0
BRDA:121,8,0,0
BRDA:121,8,1,0
BRDA:123,9,0,0
BRDA:123,9,1,0
BRDA:124,10,0,0
BRDA:124,10,1,0
BRDA:125,11,0,0
BRDA:125,11,1,0
BRDA:132,12,0,0
BRDA:132,12,1,0
BRDA:132,13,0,0
BRDA:132,13,1,0
BRDA:134,14,0,0
BRDA:134,14,1,0
BRDA:147,15,0,0
BRDA:147,15,1,0
BRDA:147,16,0,0
BRDA:147,16,1,0
BRDA:150,17,0,0
BRDA:150,17,1,0
BRDA:152,18,0,0
BRDA:152,18,1,0
BRDA:163,19,0,0
BRDA:163,19,1,0
BRDA:181,20,0,0
BRDA:181,20,1,0
BRDA:181,20,2,0
BRDA:181,20,3,0
BRDA:183,21,0,0
BRDA:183,21,1,0
BRDA:190,22,0,0
BRDA:190,22,1,0
BRDA:195,23,0,0
BRDA:195,23,1,0
BRDA:213,24,0,0
BRDA:213,24,1,0
BRDA:213,24,2,0
BRDA:213,24,3,0
BRDA:215,25,0,0
BRDA:215,25,1,0
BRDA:223,26,0,0
BRDA:223,26,1,0
BRDA:263,27,0,0
BRDA:263,27,1,0
BRDA:263,28,0,0
BRDA:263,28,1,0
BRDA:267,29,0,0
BRDA:267,29,1,0
BRDA:267,30,0,0
BRDA:267,30,1,0
BRDA:271,31,0,0
BRDA:271,31,1,0
BRDA:271,32,0,0
BRDA:271,32,1,0
BRDA:280,33,0,0
BRDA:280,33,1,0
BRDA:283,34,0,0
BRDA:283,34,1,0
BRDA:283,35,0,0
BRDA:283,35,1,0
BRDA:286,36,0,0
BRDA:286,36,1,0
BRDA:305,37,0,0
BRDA:305,37,1,0
BRDA:307,38,0,0
BRDA:307,38,1,0
BRDA:309,39,0,0
BRDA:309,39,1,0
BRDA:312,40,0,0
BRDA:312,40,1,0
BRDA:312,41,0,0
BRDA:312,41,1,0
BRDA:315,42,0,0
BRDA:315,42,1,0
BRDA:320,43,0,0
BRDA:320,43,1,0
BRDA:320,44,0,0
BRDA:320,44,1,0
BRDA:324,45,0,0
BRDA:324,45,1,0
BRDA:325,46,0,0
BRDA:325,46,1,0
BRDA:334,47,0,0
BRDA:334,47,1,0
BRDA:344,48,0,0
BRDA:344,48,1,0
BRF:102
BRH:0
end_of_record
TN:
SF:Controller\instituteData\institutesCt.js
FN:28,(anonymous_0)
FN:62,(anonymous_1)
FN:91,(anonymous_2)
FN:125,(anonymous_3)
FN:173,(anonymous_4)
FN:177,(anonymous_5)
FN:182,(anonymous_6)
FN:182,(anonymous_7)
FN:183,(anonymous_8)
FN:186,(anonymous_9)
FN:193,(anonymous_10)
FN:207,(anonymous_11)
FN:220,(anonymous_12)
FNF:13
FNH:0
FNDA:0,(anonymous_0)
FNDA:0,(anonymous_1)
FNDA:0,(anonymous_2)
FNDA:0,(anonymous_3)
FNDA:0,(anonymous_4)
FNDA:0,(anonymous_5)
FNDA:0,(anonymous_6)
FNDA:0,(anonymous_7)
FNDA:0,(anonymous_8)
FNDA:0,(anonymous_9)
FNDA:0,(anonymous_10)
FNDA:0,(anonymous_11)
FNDA:0,(anonymous_12)
DA:1,1
DA:2,1
DA:3,1
DA:4,1
DA:5,1
DA:6,1
DA:7,1
DA:8,1
DA:9,1
DA:10,1
DA:11,1
DA:15,1
DA:28,1
DA:29,0
DA:30,0
DA:32,0
DA:33,0
DA:35,0
DA:36,0
DA:37,0
DA:38,0
DA:40,0
DA:42,0
DA:43,0
DA:45,0
DA:46,0
DA:47,0
DA:49,0
DA:52,0
DA:53,0
DA:56,0
DA:57,0
DA:62,1
DA:63,0
DA:64,0
DA:65,0
DA:66,0
DA:72,0
DA:73,0
DA:74,0
DA:76,0
DA:78,0
DA:87,0
DA:91,1
DA:92,0
DA:93,0
DA:94,0
DA:95,0
DA:96,0
DA:97,0
DA:98,0
DA:99,0
DA:101,0
DA:105,0
DA:106,0
DA:107,0
DA:109,0
DA:111,0
DA:120,0
DA:125,1
DA:127,0
DA:128,0
DA:129,0
DA:130,0
DA:131,0
DA:132,0
DA:133,0
DA:134,0
DA:136,0
DA:137,0
DA:139,0
DA:140,0
DA:144,0
DA:147,0
DA:148,0
DA:151,0
DA:152,0
DA:156,0
DA:157,0
DA:158,0
DA:159,0
DA:160,0
DA:162,0
DA:164,0
DA:168,0
DA:170,0
DA:172,0
DA:173,0
DA:176,0
DA:177,0
DA:178,0
DA:182,0
DA:183,0
DA:184,0
DA:185,0
DA:186,0
DA:187,0
DA:189,0
DA:190,0
DA:192,0
DA:193,0
DA:198,0
DA:201,0
DA:202,0
DA:203,0
DA:205,0
DA:207,0
DA:208,0
DA:211,0
DA:212,0
DA:213,0
DA:214,0
DA:215,0
DA:217,0
DA:220,0
DA:221,0
DA:222,0
DA:224,0
DA:227,0
DA:228,0
LF:120
LH:16
BRDA:32,0,0,0
BRDA:32,0,1,0
BRDA:43,1,0,0
BRDA:43,1,1,0
BRDA:46,2,0,0
BRDA:46,2,1,0
BRDA:72,3,0,0
BRDA:72,3,1,0
BRDA:76,4,0,0
BRDA:76,4,1,0
BRDA:96,5,0,0
BRDA:96,5,1,0
BRDA:98,6,0,0
BRDA:98,6,1,0
BRDA:98,7,0,0
BRDA:98,7,1,0
BRDA:105,8,0,0
BRDA:105,8,1,0
BRDA:109,9,0,0
BRDA:109,9,1,0
BRDA:139,10,0,0
BRDA:139,10,1,0
BRDA:139,11,0,0
BRDA:139,11,1,0
BRDA:147,12,0,0
BRDA:147,12,1,0
BRDA:147,13,0,0
BRDA:147,13,1,0
BRDA:151,14,0,0
BRDA:151,14,1,0
BRDA:151,15,0,0
BRDA:151,15,1,0
BRDA:156,16,0,0
BRDA:156,16,1,0
BRDA:159,17,0,0
BRDA:159,17,1,0
BRDA:159,18,0,0
BRDA:159,18,1,0
BRDA:162,19,0,0
BRDA:162,19,1,0
BRDA:185,20,0,0
BRDA:185,20,1,0
BRDA:187,21,0,0
BRDA:187,21,1,0
BRDA:189,22,0,0
BRDA:189,22,1,0
BRDA:192,23,0,0
BRDA:192,23,1,0
BRDA:192,24,0,0
BRDA:192,24,1,0
BRDA:195,25,0,0
BRDA:195,25,1,0
BRDA:201,26,0,0
BRDA:201,26,1,0
BRDA:202,27,0,0
BRDA:202,27,1,0
BRDA:211,28,0,0
BRDA:211,28,1,0
BRDA:221,29,0,0
BRDA:221,29,1,0
BRF:60
BRH:0
end_of_record
TN:
SF:Controller\instituteData\aggregation\gradeBatchesCt.js
FN:13,(anonymous_0)
FN:42,(anonymous_1)
FN:239,(anonymous_2)
FN:282,(anonymous_3)
FN:335,(anonymous_4)
FN:372,(anonymous_5)
FN:376,(anonymous_6)
FN:381,(anonymous_7)
FN:381,(anonymous_8)
FN:382,(anonymous_9)
FN:385,(anonymous_10)
FN:392,(anonymous_11)
FN:409,(anonymous_12)
FN:422,(anonymous_13)
FNF:14
FNH:0
FNDA:0,(anonymous_0)
FNDA:0,(anonymous_1)
FNDA:0,(anonymous_2)
FNDA:0,(anonymous_3)
FNDA:0,(anonymous_4)
FNDA:0,(anonymous_5)
FNDA:0,(anonymous_6)
FNDA:0,(anonymous_7)
FNDA:0,(anonymous_8)
FNDA:0,(anonymous_9)
FNDA:0,(anonymous_10)
FNDA:0,(anonymous_11)
FNDA:0,(anonymous_12)
FNDA:0,(anonymous_13)
DA:1,1
DA:2,1
DA:3,1
DA:4,1
DA:5,1
DA:8,1
DA:13,1
DA:14,0
DA:15,0
DA:17,0
DA:19,0
DA:20,0
DA:22,0
DA:23,0
DA:24,0
DA:25,0
DA:27,0
DA:29,0
DA:30,0
DA:31,0
DA:32,0
DA:36,0
DA:39,0
DA:41,0
DA:42,0
DA:43,0
DA:45,0
DA:47,0
DA:48,0
DA:49,0
DA:50,0
DA:51,0
DA:54,0
DA:108,0
DA:138,0
DA:139,0
DA:141,0
DA:145,0
DA:199,0
DA:229,0
DA:230,0
DA:232,0
DA:235,0
DA:239,1
DA:240,0
DA:241,0
DA:243,0
DA:244,0
DA:252,0
DA:258,0
DA:259,0
DA:260,0
DA:261,0
DA:262,0
DA:264,0
DA:265,0
DA:266,0
DA:269,0
DA:278,0
DA:282,1
DA:283,0
DA:284,0
DA:286,0
DA:287,0
DA:288,0
DA:290,0
DA:292,0
DA:293,0
DA:294,0
DA:295,0
DA:297,0
DA:300,0
DA:303,0
DA:304,0
DA:314,0
DA:315,0
DA:316,0
DA:317,0
DA:318,0
DA:319,0
DA:321,0
DA:330,0
DA:335,1
DA:337,0
DA:339,0
DA:340,0
DA:342,0
DA:343,0
DA:346,0
DA:347,0
DA:350,0
DA:351,0
DA:355,0
DA:357,0
DA:359,0
DA:360,0
DA:362,0
DA:363,0
DA:365,0
DA:369,0
DA:371,0
DA:372,0
DA:375,0
DA:376,0
DA:377,0
DA:381,0
DA:382,0
DA:383,0
DA:384,0
DA:385,0
DA:386,0
DA:388,0
DA:389,0
DA:391,0
DA:392,0
DA:397,0
DA:399,0
DA:400,0
DA:403,0
DA:404,0
DA:405,0
DA:407,0
DA:409,0
DA:410,0
DA:413,0
DA:414,0
DA:415,0
DA:416,0
DA:417,0
DA:419,0
DA:422,0
DA:423,0
DA:424,0
DA:426,0
DA:429,0
DA:430,0
LF:136
LH:10
BRDA:19,0,0,0
BRDA:19,0,1,0
BRDA:20,1,0,0
BRDA:20,1,1,0
BRDA:23,2,0,0
BRDA:23,2,1,0
BRDA:24,3,0,0
BRDA:24,3,1,0
BRDA:25,4,0,0
BRDA:25,4,1,0
BRDA:27,5,0,0
BRDA:27,5,1,0
BRDA:41,6,0,0
BRDA:41,6,1,0
BRDA:41,7,0,0
BRDA:41,7,1,0
BRDA:45,8,0,0
BRDA:45,8,1,0
BRDA:139,9,0,0
BRDA:139,9,1,0
BRDA:230,10,0,0
BRDA:230,10,1,0
BRDA:258,11,0,0
BRDA:258,11,1,0
BRDA:264,12,0,0
BRDA:264,12,1,0
BRDA:292,13,0,0
BRDA:292,13,1,0
BRDA:294,14,0,0
BRDA:294,14,1,0
BRDA:294,15,0,0
BRDA:294,15,1,0
BRDA:303,16,0,0
BRDA:303,16,1,0
BRDA:314,17,0,0
BRDA:314,17,1,0
BRDA:342,18,0,0
BRDA:342,18,1,0
BRDA:342,19,0,0
BRDA:342,19,1,0
BRDA:346,20,0,0
BRDA:346,20,1,0
BRDA:346,21,0,0
BRDA:346,21,1,0
BRDA:350,22,0,0
BRDA:350,22,1,0
BRDA:350,23,0,0
BRDA:350,23,1,0
BRDA:359,24,0,0
BRDA:359,24,1,0
BRDA:362,25,0,0
BRDA:362,25,1,0
BRDA:362,26,0,0
BRDA:362,26,1,0
BRDA:365,27,0,0
BRDA:365,27,1,0
BRDA:384,28,0,0
BRDA:384,28,1,0
BRDA:386,29,0,0
BRDA:386,29,1,0
BRDA:388,30,0,0
BRDA:388,30,1,0
BRDA:391,31,0,0
BRDA:391,31,1,0
BRDA:391,32,0,0
BRDA:391,32,1,0
BRDA:394,33,0,0
BRDA:394,33,1,0
BRDA:399,34,0,0
BRDA:399,34,1,0
BRDA:399,35,0,0
BRDA:399,35,1,0
BRDA:403,36,0,0
BRDA:403,36,1,0
BRDA:404,37,0,0
BRDA:404,37,1,0
BRDA:413,38,0,0
BRDA:413,38,1,0
BRDA:423,39,0,0
BRDA:423,39,1,0
BRF:80
BRH:0
end_of_record
TN:
SF:Controller\instituteData\aggregation\gradeSectionBatchesCt.js
FN:13,(anonymous_0)
FN:42,(anonymous_1)
FN:279,(anonymous_2)
FN:323,(anonymous_3)
FN:376,(anonymous_4)
FN:413,(anonymous_5)
FN:417,(anonymous_6)
FN:422,(anonymous_7)
FN:422,(anonymous_8)
FN:423,(anonymous_9)
FN:426,(anonymous_10)
FN:433,(anonymous_11)
FN:450,(anonymous_12)
FN:463,(anonymous_13)
FNF:14
FNH:0
FNDA:0,(anonymous_0)
FNDA:0,(anonymous_1)
FNDA:0,(anonymous_2)
FNDA:0,(anonymous_3)
FNDA:0,(anonymous_4)
FNDA:0,(anonymous_5)
FNDA:0,(anonymous_6)
FNDA:0,(anonymous_7)
FNDA:0,(anonymous_8)
FNDA:0,(anonymous_9)
FNDA:0,(anonymous_10)
FNDA:0,(anonymous_11)
FNDA:0,(anonymous_12)
FNDA:0,(anonymous_13)
DA:1,1
DA:2,1
DA:3,1
DA:4,1
DA:5,1
DA:8,1
DA:13,1
DA:14,0
DA:15,0
DA:17,0
DA:19,0
DA:20,0
DA:22,0
DA:23,0
DA:24,0
DA:25,0
DA:26,0
DA:28,0
DA:29,0
DA:30,0
DA:31,0
DA:32,0
DA:36,0
DA:39,0
DA:41,0
DA:42,0
DA:43,0
DA:45,0
DA:47,0
DA:48,0
DA:49,0
DA:50,0
DA:51,0
DA:54,0
DA:119,0
DA:158,0
DA:159,0
DA:161,0
DA:165,0
DA:230,0
DA:269,0
DA:270,0
DA:272,0
DA:275,0
DA:279,1
DA:280,0
DA:281,0
DA:283,0
DA:284,0
DA:293,0
DA:299,0
DA:300,0
DA:301,0
DA:302,0
DA:303,0
DA:305,0
DA:306,0
DA:307,0
DA:310,0
DA:319,0
DA:323,1
DA:324,0
DA:325,0
DA:327,0
DA:328,0
DA:329,0
DA:331,0
DA:333,0
DA:334,0
DA:335,0
DA:336,0
DA:338,0
DA:341,0
DA:344,0
DA:345,0
DA:355,0
DA:356,0
DA:357,0
DA:358,0
DA:359,0
DA:360,0
DA:362,0
DA:371,0
DA:376,1
DA:378,0
DA:380,0
DA:381,0
DA:383,0
DA:384,0
DA:387,0
DA:388,0
DA:391,0
DA:392,0
DA:396,0
DA:398,0
DA:400,0
DA:401,0
DA:403,0
DA:404,0
DA:406,0
DA:410,0
DA:412,0
DA:413,0
DA:416,0
DA:417,0
DA:418,0
DA:422,0
DA:423,0
DA:424,0
DA:425,0
DA:426,0
DA:427,0
DA:429,0
DA:430,0
DA:432,0
DA:433,0
DA:438,0
DA:440,0
DA:441,0
DA:444,0
DA:445,0
DA:446,0
DA:448,0
DA:450,0
DA:451,0
DA:454,0
DA:455,0
DA:456,0
DA:457,0
DA:458,0
DA:460,0
DA:463,0
DA:464,0
DA:465,0
DA:467,0
DA:470,0
DA:471,0
LF:137
LH:10
BRDA:19,0,0,0
BRDA:19,0,1,0
BRDA:20,1,0,0
BRDA:20,1,1,0
BRDA:23,2,0,0
BRDA:23,2,1,0
BRDA:24,3,0,0
BRDA:24,3,1,0
BRDA:25,4,0,0
BRDA:25,4,1,0
BRDA:26,5,0,0
BRDA:26,5,1,0
BRDA:28,6,0,0
BRDA:28,6,1,0
BRDA:41,7,0,0
BRDA:41,7,1,0
BRDA:41,8,0,0
BRDA:41,8,1,0
BRDA:45,9,0,0
BRDA:45,9,1,0
BRDA:159,10,0,0
BRDA:159,10,1,0
BRDA:270,11,0,0
BRDA:270,11,1,0
BRDA:299,12,0,0
BRDA:299,12,1,0
BRDA:305,13,0,0
BRDA:305,13,1,0
BRDA:333,14,0,0
BRDA:333,14,1,0
BRDA:335,15,0,0
BRDA:335,15,1,0
BRDA:335,16,0,0
BRDA:335,16,1,0
BRDA:344,17,0,0
BRDA:344,17,1,0
BRDA:355,18,0,0
BRDA:355,18,1,0
BRDA:383,19,0,0
BRDA:383,19,1,0
BRDA:383,20,0,0
BRDA:383,20,1,0
BRDA:387,21,0,0
BRDA:387,21,1,0
BRDA:387,22,0,0
BRDA:387,22,1,0
BRDA:391,23,0,0
BRDA:391,23,1,0
BRDA:391,24,0,0
BRDA:391,24,1,0
BRDA:400,25,0,0
BRDA:400,25,1,0
BRDA:403,26,0,0
BRDA:403,26,1,0
BRDA:403,27,0,0
BRDA:403,27,1,0
BRDA:406,28,0,0
BRDA:406,28,1,0
BRDA:425,29,0,0
BRDA:425,29,1,0
BRDA:427,30,0,0
BRDA:427,30,1,0
BRDA:429,31,0,0
BRDA:429,31,1,0
BRDA:432,32,0,0
BRDA:432,32,1,0
BRDA:432,33,0,0
BRDA:432,33,1,0
BRDA:435,34,0,0
BRDA:435,34,1,0
BRDA:440,35,0,0
BRDA:440,35,1,0
BRDA:440,36,0,0
BRDA:440,36,1,0
BRDA:444,37,0,0
BRDA:444,37,1,0
BRDA:445,38,0,0
BRDA:445,38,1,0
BRDA:454,39,0,0
BRDA:454,39,1,0
BRDA:464,40,0,0
BRDA:464,40,1,0
BRF:82
BRH:0
end_of_record
TN:
SF:Controller\instituteData\aggregation\gradeSectionsCt.js
FN:15,(anonymous_0)
FN:43,(anonymous_1)
FN:240,(anonymous_2)
FN:283,(anonymous_3)
FN:336,(anonymous_4)
FN:374,(anonymous_5)
FN:378,(anonymous_6)
FN:383,(anonymous_7)
FN:383,(anonymous_8)
FN:384,(anonymous_9)
FN:387,(anonymous_10)
FN:394,(anonymous_11)
FN:411,(anonymous_12)
FN:424,(anonymous_13)
FNF:14
FNH:0
FNDA:0,(anonymous_0)
FNDA:0,(anonymous_1)
FNDA:0,(anonymous_2)
FNDA:0,(anonymous_3)
FNDA:0,(anonymous_4)
FNDA:0,(anonymous_5)
FNDA:0,(anonymous_6)
FNDA:0,(anonymous_7)
FNDA:0,(anonymous_8)
FNDA:0,(anonymous_9)
FNDA:0,(anonymous_10)
FNDA:0,(anonymous_11)
FNDA:0,(anonymous_12)
FNDA:0,(anonymous_13)
DA:1,1
DA:2,1
DA:3,1
DA:4,1
DA:5,1
DA:6,1
DA:9,1
DA:15,1
DA:16,0
DA:17,0
DA:19,0
DA:21,0
DA:22,0
DA:24,0
DA:25,0
DA:26,0
DA:27,0
DA:29,0
DA:30,0
DA:31,0
DA:32,0
DA:33,0
DA:37,0
DA:40,0
DA:42,0
DA:43,0
DA:44,0
DA:46,0
DA:48,0
DA:49,0
DA:50,0
DA:51,0
DA:52,0
DA:55,0
DA:109,0
DA:139,0
DA:140,0
DA:142,0
DA:146,0
DA:200,0
DA:230,0
DA:231,0
DA:233,0
DA:236,0
DA:240,1
DA:241,0
DA:242,0
DA:244,0
DA:245,0
DA:253,0
DA:259,0
DA:260,0
DA:261,0
DA:262,0
DA:263,0
DA:265,0
DA:266,0
DA:267,0
DA:270,0
DA:279,0
DA:283,1
DA:284,0
DA:285,0
DA:287,0
DA:288,0
DA:289,0
DA:291,0
DA:293,0
DA:294,0
DA:295,0
DA:296,0
DA:298,0
DA:301,0
DA:304,0
DA:305,0
DA:315,0
DA:316,0
DA:317,0
DA:318,0
DA:319,0
DA:320,0
DA:322,0
DA:331,0
DA:336,1
DA:338,0
DA:339,0
DA:341,0
DA:342,0
DA:344,0
DA:345,0
DA:348,0
DA:349,0
DA:352,0
DA:353,0
DA:357,0
DA:359,0
DA:361,0
DA:362,0
DA:364,0
DA:365,0
DA:367,0
DA:371,0
DA:373,0
DA:374,0
DA:377,0
DA:378,0
DA:379,0
DA:383,0
DA:384,0
DA:385,0
DA:386,0
DA:387,0
DA:388,0
DA:390,0
DA:391,0
DA:393,0
DA:394,0
DA:399,0
DA:401,0
DA:402,0
DA:405,0
DA:406,0
DA:407,0
DA:409,0
DA:411,0
DA:412,0
DA:415,0
DA:416,0
DA:417,0
DA:418,0
DA:419,0
DA:421,0
DA:424,0
DA:425,0
DA:426,0
DA:428,0
DA:431,0
DA:432,0
LF:138
LH:11
BRDA:21,0,0,0
BRDA:21,0,1,0
BRDA:22,1,0,0
BRDA:22,1,1,0
BRDA:25,2,0,0
BRDA:25,2,1,0
BRDA:26,3,0,0
BRDA:26,3,1,0
BRDA:27,4,0,0
BRDA:27,4,1,0
BRDA:29,5,0,0
BRDA:29,5,1,0
BRDA:42,6,0,0
BRDA:42,6,1,0
BRDA:42,7,0,0
BRDA:42,7,1,0
BRDA:46,8,0,0
BRDA:46,8,1,0
BRDA:140,9,0,0
BRDA:140,9,1,0
BRDA:231,10,0,0
BRDA:231,10,1,0
BRDA:259,11,0,0
BRDA:259,11,1,0
BRDA:265,12,0,0
BRDA:265,12,1,0
BRDA:293,13,0,0
BRDA:293,13,1,0
BRDA:295,14,0,0
BRDA:295,14,1,0
BRDA:295,15,0,0
BRDA:295,15,1,0
BRDA:304,16,0,0
BRDA:304,16,1,0
BRDA:315,17,0,0
BRDA:315,17,1,0
BRDA:344,18,0,0
BRDA:344,18,1,0
BRDA:344,19,0,0
BRDA:344,19,1,0
BRDA:348,20,0,0
BRDA:348,20,1,0
BRDA:348,21,0,0
BRDA:348,21,1,0
BRDA:352,22,0,0
BRDA:352,22,1,0
BRDA:352,23,0,0
BRDA:352,23,1,0
BRDA:361,24,0,0
BRDA:361,24,1,0
BRDA:364,25,0,0
BRDA:364,25,1,0
BRDA:364,26,0,0
BRDA:364,26,1,0
BRDA:367,27,0,0
BRDA:367,27,1,0
BRDA:386,28,0,0
BRDA:386,28,1,0
BRDA:388,29,0,0
BRDA:388,29,1,0
BRDA:390,30,0,0
BRDA:390,30,1,0
BRDA:393,31,0,0
BRDA:393,31,1,0
BRDA:393,32,0,0
BRDA:393,32,1,0
BRDA:396,33,0,0
BRDA:396,33,1,0
BRDA:401,34,0,0
BRDA:401,34,1,0
BRDA:401,35,0,0
BRDA:401,35,1,0
BRDA:405,36,0,0
BRDA:405,36,1,0
BRDA:406,37,0,0
BRDA:406,37,1,0
BRDA:415,38,0,0
BRDA:415,38,1,0
BRDA:425,39,0,0
BRDA:425,39,1,0
BRF:80
BRH:0
end_of_record
TN:
SF:Controller\instituteData\aggregation\gradesCt.js
FN:24,(anonymous_0)
FN:52,(anonymous_1)
FN:217,(anonymous_2)
FN:264,(anonymous_3)
FN:350,(anonymous_4)
FN:391,(anonymous_5)
FN:395,(anonymous_6)
FN:400,(anonymous_7)
FN:400,(anonymous_8)
FN:401,(anonymous_9)
FN:404,(anonymous_10)
FN:411,(anonymous_11)
FN:428,(anonymous_12)
FN:441,(anonymous_13)
FNF:14
FNH:0
FNDA:0,(anonymous_0)
FNDA:0,(anonymous_1)
FNDA:0,(anonymous_2)
FNDA:0,(anonymous_3)
FNDA:0,(anonymous_4)
FNDA:0,(anonymous_5)
FNDA:0,(anonymous_6)
FNDA:0,(anonymous_7)
FNDA:0,(anonymous_8)
FNDA:0,(anonymous_9)
FNDA:0,(anonymous_10)
FNDA:0,(anonymous_11)
FNDA:0,(anonymous_12)
FNDA:0,(anonymous_13)
DA:1,1
DA:2,1
DA:3,1
DA:4,1
DA:5,1
DA:6,1
DA:7,1
DA:8,1
DA:9,1
DA:10,1
DA:11,1
DA:14,1
DA:24,1
DA:25,0
DA:26,0
DA:28,0
DA:29,0
DA:30,0
DA:33,0
DA:34,0
DA:36,0
DA:38,0
DA:39,0
DA:40,0
DA:41,0
DA:42,0
DA:46,0
DA:49,0
DA:51,0
DA:52,0
DA:53,0
DA:55,0
DA:57,0
DA:58,0
DA:59,0
DA:60,0
DA:61,0
DA:64,0
DA:110,0
DA:132,0
DA:133,0
DA:135,0
DA:139,0
DA:185,0
DA:207,0
DA:208,0
DA:210,0
DA:213,0
DA:217,1
DA:218,0
DA:219,0
DA:221,0
DA:222,0
DA:231,0
DA:237,0
DA:238,0
DA:239,0
DA:240,0
DA:241,0
DA:243,0
DA:244,0
DA:245,0
DA:246,0
DA:247,0
DA:248,0
DA:251,0
DA:260,0
DA:264,1
DA:265,0
DA:266,0
DA:268,0
DA:269,0
DA:270,0
DA:272,0
DA:274,0
DA:275,0
DA:276,0
DA:277,0
DA:279,0
DA:282,0
DA:285,0
DA:286,0
DA:295,0
DA:296,0
DA:306,0
DA:307,0
DA:308,0
DA:309,0
DA:310,0
DA:311,0
DA:313,0
DA:324,0
DA:350,1
DA:352,0
DA:353,0
DA:354,0
DA:355,0
DA:356,0
DA:358,0
DA:359,0
DA:361,0
DA:362,0
DA:365,0
DA:366,0
DA:369,0
DA:370,0
DA:374,0
DA:376,0
DA:378,0
DA:379,0
DA:381,0
DA:382,0
DA:384,0
DA:388,0
DA:390,0
DA:391,0
DA:394,0
DA:395,0
DA:396,0
DA:400,0
DA:401,0
DA:402,0
DA:403,0
DA:404,0
DA:405,0
DA:407,0
DA:408,0
DA:410,0
DA:411,0
DA:416,0
DA:418,0
DA:419,0
DA:422,0
DA:423,0
DA:424,0
DA:426,0
DA:428,0
DA:429,0
DA:432,0
DA:433,0
DA:434,0
DA:435,0
DA:436,0
DA:438,0
DA:441,0
DA:442,0
DA:443,0
DA:445,0
DA:448,0
DA:449,0
LF:150
LH:16
BRDA:33,0,0,0
BRDA:33,0,1,0
BRDA:34,1,0,0
BRDA:34,1,1,0
BRDA:38,2,0,0
BRDA:38,2,1,0
BRDA:51,3,0,0
BRDA:51,3,1,0
BRDA:51,4,0,0
BRDA:51,4,1,0
BRDA:55,5,0,0
BRDA:55,5,1,0
BRDA:133,6,0,0
BRDA:133,6,1,0
BRDA:208,7,0,0
BRDA:208,7,1,0
BRDA:237,8,0,0
BRDA:237,8,1,0
BRDA:243,9,0,0
BRDA:243,9,1,0
BRDA:246,10,0,0
BRDA:246,10,1,0
BRDA:274,11,0,0
BRDA:274,11,1,0
BRDA:276,12,0,0
BRDA:276,12,1,0
BRDA:276,13,0,0
BRDA:276,13,1,0
BRDA:285,14,0,0
BRDA:285,14,1,0
BRDA:295,15,0,0
BRDA:295,15,1,0
BRDA:306,16,0,0
BRDA:306,16,1,0
BRDA:311,17,0,0
BRDA:311,17,1,0
BRDA:318,18,0,0
BRDA:318,18,1,0
BRDA:361,19,0,0
BRDA:361,19,1,0
BRDA:361,20,0,0
BRDA:361,20,1,0
BRDA:365,21,0,0
BRDA:365,21,1,0
BRDA:365,22,0,0
BRDA:365,22,1,0
BRDA:369,23,0,0
BRDA:369,23,1,0
BRDA:369,24,0,0
BRDA:369,24,1,0
BRDA:378,25,0,0
BRDA:378,25,1,0
BRDA:381,26,0,0
BRDA:381,26,1,0
BRDA:381,27,0,0
BRDA:381,27,1,0
BRDA:384,28,0,0
BRDA:384,28,1,0
BRDA:403,29,0,0
BRDA:403,29,1,0
BRDA:405,30,0,0
BRDA:405,30,1,0
BRDA:407,31,0,0
BRDA:407,31,1,0
BRDA:410,32,0,0
BRDA:410,32,1,0
BRDA:410,33,0,0
BRDA:410,33,1,0
BRDA:413,34,0,0
BRDA:413,34,1,0
BRDA:418,35,0,0
BRDA:418,35,1,0
BRDA:418,36,0,0
BRDA:418,36,1,0
BRDA:422,37,0,0
BRDA:422,37,1,0
BRDA:423,38,0,0
BRDA:423,38,1,0
BRDA:432,39,0,0
BRDA:432,39,1,0
BRDA:442,40,0,0
BRDA:442,40,1,0
BRF:82
BRH:0
end_of_record
TN:
SF:Controller\instituteData\aggregation\locationTypesInInstituteCt.js
FN:7,(anonymous_0)
FN:29,(anonymous_1)
FN:43,(anonymous_2)
FN:64,(anonymous_3)
FN:69,(anonymous_4)
FN:84,(anonymous_5)
FNF:6
FNH:0
FNDA:0,(anonymous_0)
FNDA:0,(anonymous_1)
FNDA:0,(anonymous_2)
FNDA:0,(anonymous_3)
FNDA:0,(anonymous_4)
FNDA:0,(anonymous_5)
DA:1,1
DA:2,1
DA:3,1
DA:4,1
DA:7,1
DA:8,0
DA:9,0
DA:11,0
DA:12,0
DA:13,0
DA:14,0
DA:15,0
DA:17,0
DA:19,0
DA:20,0
DA:23,0
DA:24,0
DA:29,1
DA:30,0
DA:31,0
DA:33,0
DA:34,0
DA:35,0
DA:37,0
DA:38,0
DA:43,1
DA:44,0
DA:45,0
DA:47,0
DA:48,0
DA:50,0
DA:51,0
DA:52,0
DA:53,0
DA:55,0
DA:58,0
DA:59,0
DA:64,1
DA:65,0
DA:66,0
DA:68,0
DA:69,0
DA:71,0
DA:72,0
DA:74,0
DA:77,0
DA:78,0
DA:84,1
DA:85,0
DA:87,0
DA:88,0
DA:123,0
DA:124,0
DA:126,0
DA:127,0
LF:55
LH:9
BRDA:12,0,0,0
BRDA:12,0,1,0
BRDA:14,1,0,0
BRDA:14,1,1,0
BRDA:50,2,0,0
BRDA:50,2,1,0
BRDA:52,3,0,0
BRDA:52,3,1,0
BRDA:52,4,0,0
BRDA:52,4,1,0
BRDA:71,5,0,0
BRDA:71,5,1,0
BRF:12
BRH:0
end_of_record
TN:
SF:Controller\instituteData\aggregation\subjectsCt.js
FN:17,(anonymous_0)
FN:38,(anonymous_1)
FN:124,(anonymous_2)
FN:210,(anonymous_3)
FN:236,(anonymous_4)
FN:250,(anonymous_5)
FN:268,(anonymous_6)
FN:305,(anonymous_7)
FN:309,(anonymous_8)
FN:314,(anonymous_9)
FN:314,(anonymous_10)
FN:315,(anonymous_11)
FN:318,(anonymous_12)
FN:325,(anonymous_13)
FN:342,(anonymous_14)
FN:355,(anonymous_15)
FNF:16
FNH:0
FNDA:0,(anonymous_0)
FNDA:0,(anonymous_1)
FNDA:0,(anonymous_2)
FNDA:0,(anonymous_3)
FNDA:0,(anonymous_4)
FNDA:0,(anonymous_5)
FNDA:0,(anonymous_6)
FNDA:0,(anonymous_7)
FNDA:0,(anonymous_8)
FNDA:0,(anonymous_9)
FNDA:0,(anonymous_10)
FNDA:0,(anonymous_11)
FNDA:0,(anonymous_12)
FNDA:0,(anonymous_13)
FNDA:0,(anonymous_14)
FNDA:0,(anonymous_15)
DA:1,1
DA:2,1
DA:3,1
DA:4,1
DA:5,1
DA:6,1
DA:9,1
DA:17,1
DA:18,0
DA:19,0
DA:20,0
DA:22,0
DA:23,0
DA:24,0
DA:25,0
DA:28,0
DA:29,0
DA:30,0
DA:31,0
DA:32,0
DA:36,0
DA:37,0
DA:38,0
DA:39,0
DA:41,0
DA:42,0
DA:43,0
DA:44,0
DA:45,0
DA:46,0
DA:47,0
DA:48,0
DA:51,0
DA:124,0
DA:125,0
DA:126,0
DA:127,0
DA:128,0
DA:129,0
DA:130,0
DA:131,0
DA:132,0
DA:136,0
DA:137,0
DA:210,0
DA:211,0
DA:212,0
DA:213,0
DA:214,0
DA:215,0
DA:216,0
DA:217,0
DA:218,0
DA:222,0
DA:223,0
DA:224,0
DA:225,0
DA:226,0
DA:227,0
DA:228,0
DA:230,0
DA:231,0
DA:236,1
DA:237,0
DA:238,0
DA:239,0
DA:240,0
DA:245,0
DA:250,1
DA:251,0
DA:252,0
DA:253,0
DA:254,0
DA:255,0
DA:256,0
DA:257,0
DA:258,0
DA:260,0
DA:263,0
DA:268,1
DA:270,0
DA:272,0
DA:273,0
DA:275,0
DA:276,0
DA:279,0
DA:280,0
DA:283,0
DA:284,0
DA:288,0
DA:290,0
DA:292,0
DA:293,0
DA:295,0
DA:296,0
DA:298,0
DA:302,0
DA:304,0
DA:305,0
DA:308,0
DA:309,0
DA:310,0
DA:314,0
DA:315,0
DA:316,0
DA:317,0
DA:318,0
DA:319,0
DA:321,0
DA:322,0
DA:324,0
DA:325,0
DA:330,0
DA:332,0
DA:333,0
DA:336,0
DA:337,0
DA:338,0
DA:340,0
DA:342,0
DA:343,0
DA:346,0
DA:347,0
DA:348,0
DA:349,0
DA:350,0
DA:352,0
DA:355,0
DA:356,0
DA:357,0
DA:359,0
DA:362,0
DA:363,0
LF:133
LH:11
BRDA:24,0,0,0
BRDA:24,0,1,0
BRDA:25,1,0,0
BRDA:25,1,1,0
BRDA:28,2,0,0
BRDA:28,2,1,0
BRDA:36,3,0,0
BRDA:36,3,1,0
BRDA:36,4,0,0
BRDA:36,4,1,0
BRDA:37,5,0,0
BRDA:37,5,1,0
BRDA:37,6,0,0
BRDA:37,6,1,0
BRDA:41,7,0,0
BRDA:41,7,1,0
BRDA:43,8,0,0
BRDA:43,8,1,0
BRDA:124,9,0,0
BRDA:124,9,1,0
BRDA:124,9,2,0
BRDA:124,9,3,0
BRDA:126,10,0,0
BRDA:126,10,1,0
BRDA:127,11,0,0
BRDA:127,11,1,0
BRDA:136,12,0,0
BRDA:136,12,1,0
BRDA:210,13,0,0
BRDA:210,13,1,0
BRDA:210,13,2,0
BRDA:210,13,3,0
BRDA:212,14,0,0
BRDA:212,14,1,0
BRDA:213,15,0,0
BRDA:213,15,1,0
BRDA:223,16,0,0
BRDA:223,16,1,0
BRDA:255,17,0,0
BRDA:255,17,1,0
BRDA:257,18,0,0
BRDA:257,18,1,0
BRDA:257,19,0,0
BRDA:257,19,1,0
BRDA:275,20,0,0
BRDA:275,20,1,0
BRDA:275,21,0,0
BRDA:275,21,1,0
BRDA:279,22,0,0
BRDA:279,22,1,0
BRDA:279,23,0,0
BRDA:279,23,1,0
BRDA:283,24,0,0
BRDA:283,24,1,0
BRDA:283,25,0,0
BRDA:283,25,1,0
BRDA:292,26,0,0
BRDA:292,26,1,0
BRDA:295,27,0,0
BRDA:295,27,1,0
BRDA:295,28,0,0
BRDA:295,28,1,0
BRDA:298,29,0,0
BRDA:298,29,1,0
BRDA:317,30,0,0
BRDA:317,30,1,0
BRDA:319,31,0,0
BRDA:319,31,1,0
BRDA:321,32,0,0
BRDA:321,32,1,0
BRDA:324,33,0,0
BRDA:324,33,1,0
BRDA:324,34,0,0
BRDA:324,34,1,0
BRDA:327,35,0,0
BRDA:327,35,1,0
BRDA:332,36,0,0
BRDA:332,36,1,0
BRDA:332,37,0,0
BRDA:332,37,1,0
BRDA:336,38,0,0
BRDA:336,38,1,0
BRDA:337,39,0,0
BRDA:337,39,1,0
BRDA:346,40,0,0
BRDA:346,40,1,0
BRDA:356,41,0,0
BRDA:356,41,1,0
BRF:88
BRH:0
end_of_record
TN:
SF:Controller\membersModule\dummy.js
FN:1,(anonymous_0)
FN:11,(anonymous_1)
FN:28,(anonymous_2)
FN:32,(anonymous_3)
FN:43,(anonymous_4)
FNF:5
FNH:0
FNDA:0,(anonymous_0)
FNDA:0,(anonymous_1)
FNDA:0,(anonymous_2)
FNDA:0,(anonymous_3)
FNDA:0,(anonymous_4)
DA:1,0
DA:2,0
DA:3,0
DA:4,0
DA:5,0
DA:7,0
DA:11,0
DA:12,0
DA:13,0
DA:14,0
DA:15,0
DA:16,0
DA:17,0
DA:18,0
DA:19,0
DA:21,0
DA:24,0
DA:28,0
DA:29,0
DA:30,0
DA:31,0
DA:32,0
DA:33,0
DA:34,0
DA:36,0
DA:39,0
DA:43,0
DA:44,0
DA:45,0
DA:46,0
DA:47,0
DA:48,0
DA:49,0
DA:51,0
DA:53,0
LF:35
LH:0
BRDA:16,0,0,0
BRDA:16,0,1,0
BRDA:18,1,0,0
BRDA:18,1,1,0
BRDA:18,2,0,0
BRDA:18,2,1,0
BRDA:33,3,0,0
BRDA:33,3,1,0
BRDA:48,4,0,0
BRDA:48,4,1,0
BRF:10
BRH:0
end_of_record
TN:
SF:Controller\membersModule\memberDataCt.js
FN:17,(anonymous_0)
FN:59,(anonymous_1)
FN:122,(anonymous_2)
FN:129,(anonymous_3)
FN:191,(anonymous_4)
FN:198,(anonymous_5)
FN:214,(anonymous_6)
FN:225,(anonymous_7)
FN:262,(anonymous_8)
FN:279,(anonymous_9)
FN:283,(anonymous_10)
FNF:11
FNH:0
FNDA:0,(anonymous_0)
FNDA:0,(anonymous_1)
FNDA:0,(anonymous_2)
FNDA:0,(anonymous_3)
FNDA:0,(anonymous_4)
FNDA:0,(anonymous_5)
FNDA:0,(anonymous_6)
FNDA:0,(anonymous_7)
FNDA:0,(anonymous_8)
FNDA:0,(anonymous_9)
FNDA:0,(anonymous_10)
DA:1,1
DA:2,1
DA:3,1
DA:4,1
DA:5,1
DA:6,1
DA:7,1
DA:8,1
DA:9,1
DA:10,1
DA:11,1
DA:12,1
DA:13,1
DA:14,1
DA:15,1
DA:17,1
DA:18,0
DA:19,0
DA:20,0
DA:22,0
DA:25,0
DA:26,0
DA:27,0
DA:28,0
DA:29,0
DA:30,0
DA:31,0
DA:34,0
DA:35,0
DA:36,0
DA:40,0
DA:41,0
DA:42,0
DA:45,0
DA:55,0
DA:58,0
DA:59,0
DA:61,0
DA:62,0
DA:63,0
DA:64,0
DA:65,0
DA:66,0
DA:67,0
DA:70,0
DA:82,0
DA:83,0
DA:84,0
DA:85,0
DA:122,0
DA:123,0
DA:124,0
DA:125,0
DA:126,0
DA:129,0
DA:134,0
DA:137,0
DA:138,0
DA:149,0
DA:151,0
DA:152,0
DA:153,0
DA:154,0
DA:191,0
DA:192,0
DA:193,0
DA:194,0
DA:195,0
DA:198,0
DA:203,0
DA:207,0
DA:208,0
DA:209,0
DA:210,0
DA:211,0
DA:214,0
DA:219,0
DA:221,0
DA:225,1
DA:226,0
DA:227,0
DA:229,0
DA:231,0
DA:232,0
DA:233,0
DA:234,0
DA:236,0
DA:237,0
DA:240,0
DA:249,0
DA:251,0
DA:257,0
DA:258,0
DA:262,1
DA:263,0
DA:264,0
DA:265,0
DA:266,0
DA:267,0
DA:268,0
DA:269,0
DA:270,0
DA:272,0
DA:275,0
DA:279,1
DA:280,0
DA:281,0
DA:282,0
DA:283,0
DA:284,0
DA:285,0
DA:287,0
DA:290,0
DA:296,1
LF:114
LH:20
BRDA:26,0,0,0
BRDA:26,0,1,0
BRDA:27,1,0,0
BRDA:27,1,1,0
BRDA:34,2,0,0
BRDA:34,2,1,0
BRDA:34,3,0,0
BRDA:34,3,1,0
BRDA:36,4,0,0
BRDA:36,4,1,0
BRDA:41,5,0,0
BRDA:41,5,1,0
BRDA:42,6,0,0
BRDA:42,6,1,0
BRDA:58,7,0,0
BRDA:58,7,1,0
BRDA:58,8,0,0
BRDA:58,8,1,0
BRDA:61,9,0,0
BRDA:61,9,1,0
BRDA:63,10,0,0
BRDA:63,10,1,0
BRDA:83,11,0,0
BRDA:83,11,1,0
BRDA:122,12,0,0
BRDA:122,12,1,0
BRDA:122,12,2,0
BRDA:122,12,3,0
BRDA:124,13,0,0
BRDA:124,13,1,0
BRDA:131,14,0,0
BRDA:131,14,1,0
BRDA:137,15,0,0
BRDA:137,15,1,0
BRDA:152,16,0,0
BRDA:152,16,1,0
BRDA:191,17,0,0
BRDA:191,17,1,0
BRDA:191,17,2,0
BRDA:191,17,3,0
BRDA:193,18,0,0
BRDA:193,18,1,0
BRDA:200,19,0,0
BRDA:200,19,1,0
BRDA:208,20,0,0
BRDA:208,20,1,0
BRDA:216,21,0,0
BRDA:216,21,1,0
BRDA:233,22,0,0
BRDA:233,22,1,0
BRDA:233,23,0,0
BRDA:233,23,1,0
BRDA:236,24,0,0
BRDA:236,24,1,0
BRDA:236,25,0,0
BRDA:236,25,1,0
BRDA:267,26,0,0
BRDA:267,26,1,0
BRDA:269,27,0,0
BRDA:269,27,1,0
BRDA:269,28,0,0
BRDA:269,28,1,0
BRDA:284,29,0,0
BRDA:284,29,1,0
BRF:64
BRH:0
end_of_record
TN:
SF:Controller\s3Module\s3Ct.js
FN:8,(anonymous_0)
FNF:1
FNH:0
FNDA:0,(anonymous_0)
DA:1,1
DA:8,1
DA:9,0
DA:10,0
DA:11,0
DA:12,0
DA:13,0
DA:14,0
DA:15,0
DA:17,0
DA:20,0
DA:21,0
DA:28,0
DA:29,0
DA:30,0
DA:31,0
DA:32,0
DA:41,0
DA:42,0
DA:43,0
DA:44,0
DA:45,0
DA:47,0
DA:48,0
DA:49,0
DA:50,0
DA:51,0
DA:52,0
DA:53,0
DA:54,0
DA:55,0
DA:56,0
DA:57,0
DA:58,0
DA:59,0
DA:60,0
DA:61,0
DA:62,0
DA:63,0
DA:64,0
DA:65,0
DA:66,0
DA:67,0
DA:68,0
DA:69,0
DA:70,0
DA:73,0
DA:74,0
DA:75,0
DA:76,0
DA:77,0
DA:80,0
DA:81,0
DA:82,0
DA:83,0
DA:84,0
DA:85,0
DA:87,0
DA:88,0
DA:89,0
DA:95,0
DA:107,0
DA:124,0
DA:125,0
DA:133,0
DA:136,0
DA:137,0
LF:67
LH:2
BRDA:12,0,0,0
BRDA:12,0,1,0
BRDA:13,1,0,0
BRDA:13,1,1,0
BRDA:17,2,0,0
BRDA:20,3,0,0
BRDA:20,3,1,0
BRDA:20,4,0,0
BRDA:20,4,1,0
BRDA:29,5,0,0
BRDA:29,5,1,0
BRDA:29,6,0,0
BRDA:29,6,1,0
BRDA:29,6,2,0
BRDA:31,7,0,0
BRDA:31,7,1,0
BRDA:47,8,0,0
BRDA:47,8,1,0
BRDA:47,9,0,0
BRDA:47,9,1,0
BRDA:47,9,2,0
BRDA:53,10,0,0
BRDA:53,10,1,0
BRDA:53,11,0,0
BRDA:53,11,1,0
BRDA:53,11,2,0
BRDA:59,12,0,0
BRDA:59,12,1,0
BRDA:59,13,0,0
BRDA:59,13,1,0
BRDA:65,14,0,0
BRDA:65,14,1,0
BRDA:65,15,0,0
BRDA:65,15,1,0
BRDA:88,16,0,0
BRDA:88,16,1,0
BRDA:124,17,0,0
BRDA:124,17,1,0
BRDA:124,18,0,0
BRDA:124,18,1,0
BRF:40
BRH:0
end_of_record
TN:
SF:Model\asideData\asideDataMd.js
FN:11,(anonymous_0)
FNF:1
FNH:0
FNDA:0,(anonymous_0)
DA:1,1
DA:3,1
DA:11,1
DA:12,0
DA:15,1
LF:5
LH:4
BRF:0
BRH:0
end_of_record
TN:
SF:Model\authentication\regLoginMd.js
FN:21,(anonymous_0)
FN:28,(anonymous_1)
FNF:2
FNH:0
FNDA:0,(anonymous_0)
FNDA:0,(anonymous_1)
DA:1,0
DA:2,0
DA:4,0
DA:21,0
DA:22,0
DA:23,0
DA:25,0
DA:28,0
DA:29,0
DA:31,0
LF:10
LH:0
BRDA:22,0,0,0
BRDA:22,0,1,0
BRF:2
BRH:0
end_of_record
TN:
SF:Model\authentication\tenantMd.js
FNF:0
FNH:0
DA:1,1
DA:2,1
DA:4,1
DA:33,1
LF:4
LH:4
BRF:0
BRH:0
end_of_record
TN:
SF:Model\enrollments\enrollmentsMd.js
FN:115,(anonymous_0)
FN:175,(anonymous_1)
FN:244,(anonymous_2)
FNF:3
FNH:0
FNDA:0,(anonymous_0)
FNDA:0,(anonymous_1)
FNDA:0,(anonymous_2)
DA:1,1
DA:2,1
DA:4,1
DA:78,1
DA:96,1
DA:115,1
DA:117,0
DA:118,0
DA:119,0
DA:120,0
DA:121,0
DA:122,0
DA:125,0
DA:130,0
DA:135,0
DA:138,0
DA:148,0
DA:149,0
DA:150,0
DA:153,0
DA:154,0
DA:157,0
DA:161,0
DA:163,0
DA:164,0
DA:167,0
DA:168,0
DA:171,0
DA:175,1
DA:176,0
DA:177,0
DA:180,0
DA:181,0
DA:182,0
DA:183,0
DA:184,0
DA:185,0
DA:188,0
DA:193,0
DA:197,0
DA:198,0
DA:200,0
DA:203,0
DA:213,0
DA:214,0
DA:215,0
DA:216,0
DA:218,0
DA:219,0
DA:220,0
DA:223,0
DA:224,0
DA:227,0
DA:231,0
DA:233,0
DA:234,0
DA:237,0
DA:238,0
DA:241,0
DA:244,1
DA:245,0
DA:248,1
LF:62
LH:9
BRDA:117,0,0,0
BRDA:117,0,1,0
BRDA:117,1,0,0
BRDA:117,1,1,0
BRDA:121,2,0,0
BRDA:121,2,1,0
BRDA:121,3,0,0
BRDA:121,3,1,0
BRDA:130,4,0,0
BRDA:130,4,1,0
BRDA:130,5,0,0
BRDA:130,5,1,0
BRDA:130,5,2,0
BRDA:130,5,3,0
BRDA:130,5,4,0
BRDA:130,5,5,0
BRDA:130,5,6,0
BRDA:130,5,7,0
BRDA:130,5,8,0
BRDA:148,6,0,0
BRDA:148,6,1,0
BRDA:149,7,0,0
BRDA:149,7,1,0
BRDA:150,8,0,0
BRDA:150,8,1,0
BRDA:153,9,0,0
BRDA:153,9,1,0
BRDA:163,10,0,0
BRDA:163,10,1,0
BRDA:164,11,0,0
BRDA:164,11,1,0
BRDA:180,12,0,0
BRDA:180,12,1,0
BRDA:180,13,0,0
BRDA:180,13,1,0
BRDA:184,14,0,0
BRDA:184,14,1,0
BRDA:184,15,0,0
BRDA:184,15,1,0
BRDA:193,16,0,0
BRDA:193,16,1,0
BRDA:193,17,0,0
BRDA:193,17,1,0
BRDA:193,17,2,0
BRDA:193,17,3,0
BRDA:193,17,4,0
BRDA:193,17,5,0
BRDA:193,17,6,0
BRDA:193,17,7,0
BRDA:200,18,0,0
BRDA:200,18,1,0
BRDA:204,19,0,0
BRDA:204,19,1,0
BRDA:205,20,0,0
BRDA:205,20,1,0
BRDA:206,21,0,0
BRDA:206,21,1,0
BRDA:207,22,0,0
BRDA:207,22,1,0
BRDA:213,23,0,0
BRDA:213,23,1,0
BRDA:214,24,0,0
BRDA:214,24,1,0
BRDA:215,25,0,0
BRDA:215,25,1,0
BRDA:216,26,0,0
BRDA:216,26,1,0
BRDA:218,27,0,0
BRDA:218,27,1,0
BRDA:219,28,0,0
BRDA:219,28,1,0
BRDA:220,29,0,0
BRDA:220,29,1,0
BRDA:223,30,0,0
BRDA:223,30,1,0
BRDA:233,31,0,0
BRDA:233,31,1,0
BRDA:234,32,0,0
BRDA:234,32,1,0
BRF:79
BRH:0
end_of_record
TN:
SF:Model\generalData\generalDataMd.js
FN:14,(anonymous_0)
FNF:1
FNH:0
FNDA:0,(anonymous_0)
DA:1,1
DA:3,1
DA:8,1
DA:14,1
DA:15,0
DA:18,1
LF:6
LH:5
BRF:0
BRH:0
end_of_record
TN:
SF:Model\instituteData\academicYearMd.js
FN:20,(anonymous_0)
FNF:1
FNH:0
FNDA:0,(anonymous_0)
DA:1,1
DA:4,1
DA:20,1
DA:21,0
DA:24,1
LF:5
LH:4
BRF:0
BRH:0
end_of_record
TN:
SF:Model\instituteData\departmentMd.js
FN:52,(anonymous_0)
FN:88,(anonymous_1)
FN:137,(anonymous_2)
FNF:3
FNH:0
FNDA:0,(anonymous_0)
FNDA:0,(anonymous_1)
FNDA:0,(anonymous_2)
DA:2,1
DA:3,1
DA:5,1
DA:33,1
DA:42,1
DA:52,1
DA:53,0
DA:54,0
DA:57,0
DA:64,0
DA:65,0
DA:66,0
DA:67,0
DA:71,0
DA:78,0
DA:79,0
DA:80,0
DA:81,0
DA:84,0
DA:88,1
DA:89,0
DA:90,0
DA:92,0
DA:93,0
DA:94,0
DA:96,0
DA:98,0
DA:99,0
DA:100,0
DA:103,0
DA:104,0
DA:111,0
DA:112,0
DA:113,0
DA:114,0
DA:119,0
DA:120,0
DA:127,0
DA:128,0
DA:129,0
DA:130,0
DA:134,0
DA:137,1
DA:138,0
DA:141,1
LF:45
LH:9
BRDA:53,0,0,0
BRDA:53,0,1,0
BRDA:53,1,0,0
BRDA:53,1,1,0
BRDA:53,1,2,0
BRDA:53,1,3,0
BRDA:64,2,0,0
BRDA:64,2,1,0
BRDA:78,3,0,0
BRDA:78,3,1,0
BRDA:92,4,0,0
BRDA:92,4,1,0
BRDA:92,5,0,0
BRDA:92,5,1,0
BRDA:92,5,2,0
BRDA:96,6,0,0
BRDA:96,6,1,0
BRDA:98,7,0,0
BRDA:98,7,1,0
BRDA:99,8,0,0
BRDA:99,8,1,0
BRDA:100,9,0,0
BRDA:100,9,1,0
BRDA:103,10,0,0
BRDA:103,10,1,0
BRDA:111,11,0,0
BRDA:111,11,1,0
BRDA:119,12,0,0
BRDA:119,12,1,0
BRDA:127,13,0,0
BRDA:127,13,1,0
BRF:31
BRH:0
end_of_record
TN:
SF:Model\instituteData\institutesMd.js
FN:68,(anonymous_0)
FNF:1
FNH:0
FNDA:0,(anonymous_0)
DA:1,1
DA:2,1
DA:4,1
DA:68,1
DA:69,0
DA:72,1
LF:6
LH:5
BRF:0
BRH:0
end_of_record
TN:
SF:Model\instituteData\aggregation\gradeBatchesMd.js
FN:47,(anonymous_0)
FN:70,(anonymous_1)
FN:104,(anonymous_2)
FNF:3
FNH:0
FNDA:0,(anonymous_0)
FNDA:0,(anonymous_1)
FNDA:0,(anonymous_2)
DA:1,1
DA:2,1
DA:4,1
DA:37,1
DA:47,1
DA:48,0
DA:49,0
DA:52,0
DA:60,0
DA:61,0
DA:62,0
DA:63,0
DA:66,0
DA:70,1
DA:71,0
DA:72,0
DA:74,0
DA:75,0
DA:76,0
DA:78,0
DA:80,0
DA:81,0
DA:82,0
DA:85,0
DA:86,0
DA:94,0
DA:95,0
DA:96,0
DA:97,0
DA:101,0
DA:104,1
DA:105,0
DA:108,1
LF:33
LH:8
BRDA:48,0,0,0
BRDA:48,0,1,0
BRDA:48,1,0,0
BRDA:48,1,1,0
BRDA:48,1,2,0
BRDA:48,1,3,0
BRDA:60,2,0,0
BRDA:60,2,1,0
BRDA:74,3,0,0
BRDA:74,3,1,0
BRDA:74,4,0,0
BRDA:74,4,1,0
BRDA:74,4,2,0
BRDA:78,5,0,0
BRDA:78,5,1,0
BRDA:80,6,0,0
BRDA:80,6,1,0
BRDA:81,7,0,0
BRDA:81,7,1,0
BRDA:82,8,0,0
BRDA:82,8,1,0
BRDA:85,9,0,0
BRDA:85,9,1,0
BRDA:94,10,0,0
BRDA:94,10,1,0
BRF:25
BRH:0
end_of_record
TN:
SF:Model\instituteData\aggregation\gradeSectionBatchesMd.js
FN:52,(anonymous_0)
FN:75,(anonymous_1)
FN:109,(anonymous_2)
FNF:3
FNH:0
FNDA:0,(anonymous_0)
FNDA:0,(anonymous_1)
FNDA:0,(anonymous_2)
DA:1,1
DA:2,1
DA:4,1
DA:42,1
DA:52,1
DA:53,0
DA:54,0
DA:57,0
DA:65,0
DA:66,0
DA:67,0
DA:68,0
DA:71,0
DA:75,1
DA:76,0
DA:77,0
DA:79,0
DA:80,0
DA:81,0
DA:83,0
DA:85,0
DA:86,0
DA:87,0
DA:90,0
DA:91,0
DA:99,0
DA:100,0
DA:101,0
DA:102,0
DA:106,0
DA:109,1
DA:110,0
DA:113,1
LF:33
LH:8
BRDA:53,0,0,0
BRDA:53,0,1,0
BRDA:53,1,0,0
BRDA:53,1,1,0
BRDA:53,1,2,0
BRDA:53,1,3,0
BRDA:65,2,0,0
BRDA:65,2,1,0
BRDA:79,3,0,0
BRDA:79,3,1,0
BRDA:79,4,0,0
BRDA:79,4,1,0
BRDA:79,4,2,0
BRDA:83,5,0,0
BRDA:83,5,1,0
BRDA:85,6,0,0
BRDA:85,6,1,0
BRDA:86,7,0,0
BRDA:86,7,1,0
BRDA:87,8,0,0
BRDA:87,8,1,0
BRDA:90,9,0,0
BRDA:90,9,1,0
BRDA:99,10,0,0
BRDA:99,10,1,0
BRF:25
BRH:0
end_of_record
TN:
SF:Model\instituteData\aggregation\gradesMd.js
FN:60,(anonymous_0)
FN:96,(anonymous_1)
FN:145,(anonymous_2)
FNF:3
FNH:0
FNDA:0,(anonymous_0)
FNDA:0,(anonymous_1)
FNDA:0,(anonymous_2)
DA:1,1
DA:2,1
DA:4,1
DA:41,1
DA:50,1
DA:60,1
DA:61,0
DA:62,0
DA:65,0
DA:72,0
DA:73,0
DA:74,0
DA:75,0
DA:79,0
DA:86,0
DA:87,0
DA:88,0
DA:89,0
DA:92,0
DA:96,1
DA:97,0
DA:98,0
DA:100,0
DA:101,0
DA:102,0
DA:104,0
DA:106,0
DA:107,0
DA:108,0
DA:111,0
DA:112,0
DA:119,0
DA:120,0
DA:121,0
DA:122,0
DA:127,0
DA:128,0
DA:135,0
DA:136,0
DA:137,0
DA:138,0
DA:142,0
DA:145,1
DA:146,0
DA:149,1
LF:45
LH:9
BRDA:61,0,0,0
BRDA:61,0,1,0
BRDA:61,1,0,0
BRDA:61,1,1,0
BRDA:61,1,2,0
BRDA:61,1,3,0
BRDA:72,2,0,0
BRDA:72,2,1,0
BRDA:86,3,0,0
BRDA:86,3,1,0
BRDA:100,4,0,0
BRDA:100,4,1,0
BRDA:100,5,0,0
BRDA:100,5,1,0
BRDA:100,5,2,0
BRDA:104,6,0,0
BRDA:104,6,1,0
BRDA:106,7,0,0
BRDA:106,7,1,0
BRDA:107,8,0,0
BRDA:107,8,1,0
BRDA:108,9,0,0
BRDA:108,9,1,0
BRDA:111,10,0,0
BRDA:111,10,1,0
BRDA:119,11,0,0
BRDA:119,11,1,0
BRDA:127,12,0,0
BRDA:127,12,1,0
BRDA:135,13,0,0
BRDA:135,13,1,0
BRF:31
BRH:0
end_of_record
TN:
SF:Model\instituteData\aggregation\gradesectionsMd.js
FN:47,(anonymous_0)
FN:70,(anonymous_1)
FN:104,(anonymous_2)
FNF:3
FNH:0
FNDA:0,(anonymous_0)
FNDA:0,(anonymous_1)
FNDA:0,(anonymous_2)
DA:1,1
DA:2,1
DA:4,1
DA:37,1
DA:47,1
DA:48,0
DA:49,0
DA:52,0
DA:60,0
DA:61,0
DA:62,0
DA:63,0
DA:66,0
DA:70,1
DA:71,0
DA:72,0
DA:74,0
DA:75,0
DA:76,0
DA:78,0
DA:80,0
DA:81,0
DA:82,0
DA:85,0
DA:86,0
DA:94,0
DA:95,0
DA:96,0
DA:97,0
DA:101,0
DA:104,1
DA:105,0
DA:108,1
LF:33
LH:8
BRDA:48,0,0,0
BRDA:48,0,1,0
BRDA:48,1,0,0
BRDA:48,1,1,0
BRDA:48,1,2,0
BRDA:48,1,3,0
BRDA:60,2,0,0
BRDA:60,2,1,0
BRDA:74,3,0,0
BRDA:74,3,1,0
BRDA:74,4,0,0
BRDA:74,4,1,0
BRDA:74,4,2,0
BRDA:78,5,0,0
BRDA:78,5,1,0
BRDA:80,6,0,0
BRDA:80,6,1,0
BRDA:81,7,0,0
BRDA:81,7,1,0
BRDA:82,8,0,0
BRDA:82,8,1,0
BRDA:85,9,0,0
BRDA:85,9,1,0
BRDA:94,10,0,0
BRDA:94,10,1,0
BRF:25
BRH:0
end_of_record
TN:
SF:Model\instituteData\aggregation\locationTypesInInstituteMd.js
FN:13,(anonymous_0)
FNF:1
FNH:0
FNDA:0,(anonymous_0)
DA:1,1
DA:2,1
DA:5,1
DA:13,1
DA:14,0
DA:17,1
LF:6
LH:5
BRF:0
BRH:0
end_of_record
TN:
SF:Model\instituteData\aggregation\subjectsMd.js
FN:42,(anonymous_0)
FNF:1
FNH:0
FNDA:0,(anonymous_0)
DA:1,1
DA:2,1
DA:4,1
DA:42,1
DA:43,0
DA:46,1
LF:6
LH:5
BRF:0
BRH:0
end_of_record
TN:
SF:Model\membersModule\memberDataMd.js
FN:46,(anonymous_0)
FNF:1
FNH:0
FNDA:0,(anonymous_0)
DA:2,1
DA:3,1
DA:5,1
DA:46,1
DA:47,0
DA:50,1
LF:6
LH:5
BRF:0
BRH:0
end_of_record
TN:
SF:Utilities\authUtils.js
FN:3,(anonymous_0)
FNF:1
FNH:0
FNDA:0,(anonymous_0)
DA:1,1
DA:3,1
DA:4,0
DA:5,0
DA:6,0
DA:7,0
DA:10,0
DA:11,0
DA:12,0
DA:14,0
DA:15,0
DA:17,0
DA:21,1
LF:13
LH:3
BRDA:6,0,0,0
BRDA:6,0,1,0
BRDA:14,1,0,0
BRDA:14,1,1,0
BRF:4
BRH:0
end_of_record
TN:
SF:Utilities\crudUtils.js
FN:1,(anonymous_0)
FNF:1
FNH:0
FNDA:0,(anonymous_0)
DA:1,1
DA:2,0
DA:3,0
DA:5,0
DA:7,0
DA:9,0
DA:11,0
DA:13,0
DA:15,0
DA:18,0
LF:10
LH:1
BRDA:1,0,0,0
BRDA:1,1,0,0
BRDA:3,2,0,0
BRDA:3,2,1,0
BRDA:3,2,2,0
BRDA:3,2,3,0
BRDA:3,2,4,0
BRDA:3,2,5,0
BRF:8
BRH:0
end_of_record
TN:
SF:Utilities\dependencyCascadeUtils.js
FN:10,countDependents
FN:11,(anonymous_1)
FN:15,(anonymous_2)
FN:32,deleteWithDependents
FN:64,transferDependents
FN:68,(anonymous_5)
FN:85,archiveParents
FN:86,(anonymous_7)
FNF:8
FNH:0
FNDA:0,countDependents
FNDA:0,(anonymous_1)
FNDA:0,(anonymous_2)
FNDA:0,deleteWithDependents
FNDA:0,transferDependents
FNDA:0,(anonymous_5)
FNDA:0,archiveParents
FNDA:0,(anonymous_7)
DA:1,0
DA:11,0
DA:12,0
DA:13,0
DA:14,0
DA:15,0
DA:16,0
DA:17,0
DA:19,0
DA:21,0
DA:33,0
DA:34,0
DA:35,0
DA:36,0
DA:37,0
DA:38,0
DA:39,0
DA:40,0
DA:41,0
DA:43,0
DA:44,0
DA:45,0
DA:46,0
DA:47,0
DA:48,0
DA:50,0
DA:51,0
DA:52,0
DA:65,0
DA:66,0
DA:67,0
DA:68,0
DA:69,0
DA:70,0
DA:71,0
DA:73,0
DA:86,0
DA:87,0
DA:89,0
DA:93,0
DA:98,0
LF:41
LH:0
BRDA:17,0,0,0
BRDA:17,0,1,0
BRF:2
BRH:0
end_of_record
TN:
SF:Utilities\emailUtils.js
FN:5,(anonymous_0)
FNF:1
FNH:0
FNDA:0,(anonymous_0)
DA:1,1
DA:3,1
DA:5,1
DA:6,0
DA:9,0
DA:10,0
DA:11,0
DA:12,0
DA:13,0
DA:14,0
DA:16,0
DA:46,1
LF:12
LH:4
BRF:0
BRH:0
end_of_record
TN:
SF:Utilities\filterSortUtils.js
FN:5,buildMatchConditions
FN:15,(anonymous_1)
FN:108,buildSortObject
FN:123,validateUniqueField
FN:130,buildValueBasedMatchStage
FNF:5
FNH:0
FNDA:0,buildMatchConditions
FNDA:0,(anonymous_1)
FNDA:0,buildSortObject
FNDA:0,validateUniqueField
FNDA:0,buildValueBasedMatchStage
DA:3,1
DA:8,0
DA:9,0
DA:11,0
DA:15,0
DA:16,0
DA:18,0
DA:21,0
DA:22,0
DA:23,0
DA:26,0
DA:29,0
DA:30,0
DA:32,0
DA:33,0
DA:35,0
DA:37,0
DA:40,0
DA:41,0
DA:44,0
DA:45,0
DA:47,0
DA:48,0
DA:50,0
DA:51,0
DA:53,0
DA:54,0
DA:56,0
DA:57,0
DA:59,0
DA:60,0
DA:63,0
DA:64,0
DA:66,0
DA:67,0
DA:69,0
DA:70,0
DA:72,0
DA:73,0
DA:75,0
DA:76,0
DA:78,0
DA:79,0
DA:82,0
DA:83,0
DA:85,0
DA:86,0
DA:88,0
DA:89,0
DA:91,0
DA:92,0
DA:94,0
DA:95,0
DA:97,0
DA:98,0
DA:100,0
DA:103,0
DA:105,0
DA:109,0
DA:110,0
DA:111,0
DA:113,0
DA:124,0
DA:125,0
DA:126,0
DA:131,0
DA:132,0
DA:133,0
DA:134,0
DA:135,0
DA:136,0
DA:138,0
DA:139,0
DA:142,0
DA:143,0
DA:145,0
DA:147,0
DA:149,0
DA:150,0
DA:152,0
DA:153,0
DA:155,0
DA:156,0
DA:158,0
DA:159,0
DA:161,0
DA:162,0
DA:164,0
DA:166,0
DA:169,1
LF:90
LH:2
BRDA:16,0,0,0
BRDA:16,0,1,0
BRDA:18,1,0,0
BRDA:18,1,1,0
BRDA:21,2,0,0
BRDA:21,2,1,0
BRDA:22,3,0,0
BRDA:22,3,1,0
BRDA:23,4,0,0
BRDA:23,4,1,0
BRDA:26,5,0,0
BRDA:26,5,1,0
BRDA:26,6,0,0
BRDA:26,6,1,0
BRDA:26,6,2,0
BRDA:29,7,0,0
BRDA:29,7,1,0
BRDA:29,8,0,0
BRDA:29,8,1,0
BRDA:33,9,0,0
BRDA:33,9,1,0
BRDA:33,10,0,0
BRDA:33,10,1,0
BRDA:33,10,2,0
BRDA:37,11,0,0
BRDA:37,11,1,0
BRDA:37,11,2,0
BRDA:37,11,3,0
BRDA:37,11,4,0
BRDA:37,11,5,0
BRDA:37,11,6,0
BRDA:37,11,7,0
BRDA:37,11,8,0
BRDA:37,11,9,0
BRDA:37,11,10,0
BRDA:37,11,11,0
BRDA:37,11,12,0
BRDA:37,11,13,0
BRDA:37,11,14,0
BRDA:37,11,15,0
BRDA:37,11,16,0
BRDA:37,11,17,0
BRDA:37,11,18,0
BRDA:37,11,19,0
BRDA:37,11,20,0
BRDA:59,12,0,0
BRDA:59,12,1,0
BRDA:110,13,0,0
BRDA:110,13,1,0
BRDA:110,14,0,0
BRDA:110,14,1,0
BRDA:111,15,0,0
BRDA:111,15,1,0
BRDA:124,16,0,0
BRDA:124,16,1,0
BRDA:124,17,0,0
BRDA:124,17,1,0
BRDA:131,18,0,0
BRDA:131,18,1,0
BRDA:134,19,0,0
BRDA:134,19,1,0
BRDA:136,20,0,0
BRDA:136,20,1,0
BRDA:136,20,2,0
BRDA:136,20,3,0
BRDA:136,20,4,0
BRDA:136,20,5,0
BRDA:136,20,6,0
BRDA:136,20,7,0
BRDA:136,20,8,0
BRDA:142,21,0,0
BRDA:142,21,1,0
BRDA:161,22,0,0
BRDA:161,22,1,0
BRF:74
BRH:0
end_of_record
TN:
SF:Utilities\genericAggregatorUtils.js
FN:3,buildGenericAggregation
FN:19,(anonymous_1)
FNF:2
FNH:0
FNDA:0,buildGenericAggregation
FNDA:0,(anonymous_1)
DA:4,0
DA:7,0
DA:8,0
DA:9,0
DA:10,0
DA:14,0
DA:15,0
DA:19,0
DA:21,0
DA:22,0
DA:25,0
DA:26,0
DA:31,0
DA:33,0
DA:36,1
LF:15
LH:1
BRDA:3,0,0,0
BRDA:3,1,0,0
BRDA:3,2,0,0
BRDA:9,3,0,0
BRDA:9,3,1,0
BRDA:9,4,0,0
BRDA:9,4,1,0
BRDA:14,5,0,0
BRDA:14,5,1,0
BRDA:21,6,0,0
BRDA:21,6,1,0
BRDA:25,7,0,0
BRDA:25,7,1,0
BRDA:25,8,0,0
BRDA:25,8,1,0
BRF:15
BRH:0
end_of_record
TN:
SF:Utilities\instituteCascadeUtils.js
FNF:0
FNH:0
LF:0
LH:0
BRF:0
BRH:0
end_of_record
TN:
SF:Utilities\multerUtils.js
FN:8,(anonymous_0)
FN:21,(anonymous_1)
FNF:2
FNH:0
FNDA:0,(anonymous_0)
FNDA:0,(anonymous_1)
DA:2,1
DA:3,1
DA:4,1
DA:7,1
DA:10,0
DA:11,0
DA:14,0
DA:15,0
DA:19,0
DA:23,0
DA:24,0
DA:25,0
DA:30,1
DA:31,1
LF:14
LH:6
BRDA:14,0,0,0
BRDA:14,0,1,0
BRDA:23,1,0,0
BRDA:23,1,1,0
BRF:4
BRH:0
end_of_record
TN:
SF:Utilities\paginationControllsUtils.js
FN:2,addPaginationAndSort
FNF:1
FNH:0
FNDA:0,addPaginationAndSort
DA:3,0
DA:4,0
DA:5,0
DA:8,1
LF:4
LH:1
BRDA:2,0,0,0
BRDA:2,1,0,0
BRDA:2,2,0,0
BRDA:4,3,0,0
BRDA:4,3,1,0
BRF:5
BRH:0
end_of_record
TN:
SF:Utilities\paginationUtils.js
FN:10,(anonymous_0)
FNF:1
FNH:0
FNDA:0,(anonymous_0)
DA:10,0
DA:21,0
DA:23,0
DA:24,0
DA:25,0
DA:26,0
DA:28,0
DA:35,0
DA:37,0
DA:41,0
LF:10
LH:0
BRDA:13,0,0,0
BRDA:14,1,0,0
BRDA:17,2,0,0
BRDA:18,3,0,0
BRDA:19,4,0,0
BRDA:20,5,0,0
BRDA:26,6,0,0
BRDA:26,6,1,0
BRF:8
BRH:0
end_of_record
TN:
SF:Utilities\s3Utils.js
FN:27,parseMemberInfoFromFilename
FN:56,generateProfileFilename
FN:67,deleteS3Object
FN:96,getPresignedUploadUrl
FN:169,getPublicS3Url
FNF:5
FNH:0
FNDA:0,parseMemberInfoFromFilename
FNDA:0,generateProfileFilename
FNDA:0,deleteS3Object
FNDA:0,getPresignedUploadUrl
FNDA:0,getPublicS3Url
DA:3,1
DA:9,1
DA:11,1
DA:14,1
DA:28,0
DA:30,0
DA:32,0
DA:33,0
DA:43,0
DA:45,0
DA:57,0
DA:58,0
DA:68,0
DA:69,0
DA:74,0
DA:75,0
DA:76,0
DA:78,0
DA:79,0
DA:106,0
DA:107,0
DA:110,0
DA:112,0
DA:115,0
DA:120,0
DA:122,0
DA:123,0
DA:126,0
DA:127,0
DA:128,0
DA:134,0
DA:138,0
DA:139,0
DA:142,0
DA:149,0
DA:150,0
DA:154,0
DA:155,0
DA:157,0
DA:158,0
DA:170,0
DA:171,0
DA:172,0
DA:175,0
DA:178,1
LF:45
LH:5
BRDA:32,0,0,0
BRDA:32,0,1,0
BRDA:32,1,0,0
BRDA:32,1,1,0
BRDA:98,2,0,0
BRDA:99,3,0,0
BRDA:102,4,0,0
BRDA:103,5,0,0
BRDA:104,6,0,0
BRDA:106,7,0,0
BRDA:106,7,1,0
BRDA:115,8,0,0
BRDA:115,8,1,0
BRDA:120,9,0,0
BRDA:120,9,1,0
BRDA:120,10,0,0
BRDA:120,10,1,0
BRDA:120,10,2,0
BRDA:127,11,0,0
BRDA:127,11,1,0
BRDA:170,12,0,0
BRDA:170,12,1,0
BRDA:170,13,0,0
BRDA:170,13,1,0
BRDA:170,13,2,0
BRF:25
BRH:0
end_of_record
TN:
SF:Utilities\smsUtils.js
FN:8,(anonymous_0)
FN:22,(anonymous_1)
FNF:2
FNH:0
FNDA:0,(anonymous_0)
FNDA:0,(anonymous_1)
DA:1,1
DA:3,1
DA:4,1
DA:5,1
DA:6,1
DA:8,1
DA:9,0
DA:10,0
DA:15,0
DA:17,0
DA:18,0
DA:22,1
DA:23,0
DA:24,0
DA:29,0
DA:31,0
DA:32,0
DA:36,1
LF:18
LH:8
BRF:0
BRH:0
end_of_record
TN:
SF:Utilities\aggregations\academicYearLookups.js
FN:1,academicYearLookup
FNF:1
FNH:0
FNDA:0,academicYearLookup
DA:2,0
DA:36,0
LF:2
LH:0
BRF:0
BRH:0
end_of_record
TN:
SF:Utilities\aggregations\departmentLookups.js
FN:1,departmentLookup
FNF:1
FNH:0
FNDA:0,departmentLookup
DA:2,0
DA:14,1
LF:2
LH:1
BRF:0
BRH:0
end_of_record
TN:
SF:Utilities\aggregations\generalDataLookups.js
FN:1,generalDataLookup
FNF:1
FNH:0
FNDA:0,generalDataLookup
DA:2,0
DA:3,0
DA:6,0
DA:25,1
LF:4
LH:1
BRDA:2,0,0,0
BRDA:2,0,1,0
BRF:2
BRH:0
end_of_record
TN:
SF:Utilities\aggregations\gradesBatchesLookups.js
FN:1,gradeBatchesLookup
FNF:1
FNH:0
FNDA:0,gradeBatchesLookup
DA:2,0
DA:14,1
LF:2
LH:1
BRF:0
BRH:0
end_of_record
TN:
SF:Utilities\aggregations\gradesLookups.js
FN:1,gradesLookup
FNF:1
FNH:0
FNDA:0,gradesLookup
DA:2,0
DA:14,1
LF:2
LH:1
BRF:0
BRH:0
end_of_record
TN:
SF:Utilities\aggregations\gradesSectionBatchesLookups.js
FN:1,gradeSectionBatchesLookup
FNF:1
FNH:0
FNDA:0,gradeSectionBatchesLookup
DA:2,0
DA:14,1
LF:2
LH:1
BRF:0
BRH:0
end_of_record
TN:
SF:Utilities\aggregations\gradesSectionLookups.js
FN:1,gradeSectionLookup
FNF:1
FNH:0
FNDA:0,gradeSectionLookup
DA:2,0
DA:14,1
LF:2
LH:1
BRF:0
BRH:0
end_of_record
TN:
SF:Utilities\aggregations\instituteDataLookups.js
FN:1,instituteLookup
FNF:1
FNH:0
FNDA:0,instituteLookup
DA:2,0
DA:14,1
LF:2
LH:1
BRF:0
BRH:0
end_of_record
TN:
SF:Utilities\aggregations\memberDataLookups.js
FN:1,memberDataLookup
FN:3,(anonymous_1)
FNF:2
FNH:0
FNDA:0,memberDataLookup
FNDA:0,(anonymous_1)
DA:2,0
DA:3,0
DA:5,0
DA:16,0
DA:17,0
DA:20,0
LF:6
LH:0
BRDA:1,0,0,0
BRDA:1,1,0,0
BRDA:1,2,0,0
BRDA:1,3,0,0
BRDA:2,4,0,0
BRDA:2,4,1,0
BRDA:16,5,0,0
BRDA:16,5,1,0
BRF:8
BRH:0
end_of_record
TN:
SF:Utilities\aggregations\subjectsLookups.js
FN:1,subjectsLookup
FNF:1
FNH:0
FNDA:0,subjectsLookup
DA:2,0
DA:14,0
LF:2
LH:0
BRDA:1,0,0,0
BRF:1
BRH:0
end_of_record
TN:
SF:Utilities\aggregations\enrollments\enrollmentsLookups.js
FN:3,enrollmentsSubjectsLookup
FN:16,enrollmentsMemberLookup
FN:30,enrollmentsAcademicYearLookup
FNF:3
FNH:0
FNDA:0,enrollmentsSubjectsLookup
FNDA:0,enrollmentsMemberLookup
FNDA:0,enrollmentsAcademicYearLookup
DA:4,0
DA:17,0
DA:31,0
DA:66,1
LF:4
LH:1
BRF:0
BRH:0
end_of_record
TN:
SF:config\AuthMember.js
FNF:0
FNH:0
LF:0
LH:0
BRF:0
BRH:0
end_of_record
TN:
SF:config\connectTenantDBMiddleware.js
FN:7,(anonymous_0)
FNF:1
FNH:0
FNDA:0,(anonymous_0)
DA:1,1
DA:2,1
DA:5,1
DA:7,1
DA:8,0
DA:10,0
DA:11,0
DA:14,0
DA:16,0
DA:18,0
DA:19,0
DA:21,0
DA:22,0
DA:23,0
DA:27,0
DA:28,0
DA:31,0
DA:32,0
DA:34,0
DA:36,0
DA:37,0
DA:41,1
LF:22
LH:5
BRDA:10,0,0,0
BRDA:10,0,1,0
BRDA:18,1,0,0
BRDA:18,1,1,0
BRDA:22,2,0,0
BRDA:22,2,1,0
BRDA:27,3,0,0
BRDA:27,3,1,0
BRF:8
BRH:0
end_of_record
TN:
SF:config\db.js
FN:15,(anonymous_0)
FN:19,(anonymous_1)
FN:24,(anonymous_2)
FN:39,(anonymous_3)
FNF:4
FNH:1
FNDA:1,(anonymous_0)
FNDA:0,(anonymous_1)
FNDA:0,(anonymous_2)
FNDA:0,(anonymous_3)
DA:1,1
DA:2,1
DA:3,1
DA:7,1
DA:8,1
DA:9,0
DA:13,1
DA:15,1
DA:16,1
DA:19,1
DA:20,0
DA:21,0
DA:24,1
DA:25,0
DA:30,1
DA:39,1
DA:41,0
DA:42,0
DA:43,0
DA:46,0
DA:47,0
DA:48,0
DA:51,0
DA:53,0
DA:54,0
DA:57,0
DA:60,0
DA:61,0
DA:63,0
DA:64,0
DA:65,0
DA:66,0
DA:69,0
DA:70,0
DA:71,0
DA:73,0
DA:75,0
DA:79,1
LF:38
LH:13
BRDA:8,0,0,0
BRDA:8,0,1,1
BRDA:41,1,0,0
BRDA:41,1,1,0
BRDA:41,2,0,0
BRDA:41,2,1,0
BRDA:47,3,0,0
BRDA:47,3,1,0
BRDA:61,4,0,0
BRDA:61,4,1,0
BRF:10
BRH:1
end_of_record
TN:
SF:config\multiTenantMiddleware.js
FN:8,(anonymous_0)
FN:16,(anonymous_1)
FNF:2
FNH:2
FNDA:18,(anonymous_0)
FNDA:72,(anonymous_1)
DA:1,1
DA:2,1
DA:3,1
DA:6,1
DA:8,1
DA:11,18
DA:12,18
DA:15,18
DA:16,72
DA:17,18
DA:18,18
DA:23,18
DA:24,0
DA:26,0
DA:27,0
DA:29,0
DA:30,0
DA:31,0
DA:35,0
DA:36,0
DA:38,0
DA:39,0
DA:40,0
DA:44,18
DA:47,18
DA:48,18
DA:49,17
DA:50,1
DA:51,0
DA:55,18
DA:56,17
DA:57,17
DA:58,16
DA:59,16
DA:61,1
DA:66,18
DA:68,18
DA:69,0
DA:72,18
DA:73,18
DA:74,0
DA:77,18
DA:78,18
DA:79,0
DA:83,18
DA:84,18
DA:86,0
DA:87,0
DA:88,0
DA:92,0
DA:93,0
DA:95,0
DA:96,0
DA:97,0
DA:99,0
DA:103,1
LF:56
LH:32
BRDA:12,0,0,18
BRDA:12,0,1,0
BRDA:23,1,0,0
BRDA:23,1,1,18
BRDA:23,2,0,18
BRDA:23,2,1,0
BRDA:26,3,0,0
BRDA:26,3,1,0
BRDA:30,4,0,0
BRDA:30,4,1,0
BRDA:35,5,0,0
BRDA:35,5,1,0
BRDA:35,6,0,0
BRDA:35,6,1,0
BRDA:48,7,0,17
BRDA:48,7,1,1
BRDA:48,8,0,18
BRDA:48,8,1,17
BRDA:50,9,0,0
BRDA:50,9,1,1
BRDA:50,10,0,1
BRDA:50,10,1,1
BRDA:55,11,0,17
BRDA:55,11,1,1
BRDA:66,12,0,18
BRDA:66,12,1,18
BRDA:66,13,0,18
BRDA:66,13,1,0
BRDA:68,14,0,0
BRDA:68,14,1,18
BRDA:73,15,0,0
BRDA:73,15,1,18
BRDA:78,16,0,0
BRDA:78,16,1,18
BRDA:83,17,0,18
BRDA:83,17,1,0
BRDA:95,18,0,0
BRDA:95,18,1,0
BRDA:96,19,0,0
BRDA:96,19,1,0
BRDA:96,20,0,0
BRDA:96,20,1,0
BRF:42
BRH:19
end_of_record
TN:
SF:config\refreshAuthDb.js
FNF:0
FNH:0
LF:0
LH:0
BRF:0
BRH:0
end_of_record
TN:
SF:routes\routes.js
FNF:0
FNH:0
DA:1,1
DA:2,1
DA:4,1
DA:11,1
DA:14,1
DA:21,1
DA:24,1
DA:27,1
DA:34,1
DA:37,1
DA:40,1
DA:43,1
DA:46,1
DA:49,1
DA:52,1
DA:59,1
DA:67,1
DA:70,1
DA:74,1
LF:19
LH:19
BRF:0
BRH:0
end_of_record
TN:
SF:routes\asideData\asideDataRt.js
FNF:0
FNH:0
DA:1,1
DA:2,1
DA:3,1
DA:249,1
DA:251,1
LF:5
LH:5
BRF:0
BRH:0
end_of_record
TN:
SF:routes\authentication\authRt.js
FN:380,(anonymous_0)
FNF:1
FNH:0
FNDA:0,(anonymous_0)
DA:1,1
DA:2,1
DA:3,1
DA:4,1
DA:5,1
DA:6,1
DA:212,1
DA:260,1
DA:308,1
DA:357,1
DA:380,1
DA:381,0
DA:382,0
DA:385,1
LF:14
LH:12
BRF:0
BRH:0
end_of_record
TN:
SF:routes\authentication\regLoginRt.js
FNF:0
FNH:0
DA:1,0
DA:3,0
DA:4,0
DA:6,0
DA:7,0
DA:9,0
LF:6
LH:0
BRF:0
BRH:0
end_of_record
TN:
SF:routes\authentication\tenantRt.js
FNF:0
FNH:0
DA:1,0
DA:3,0
DA:4,0
DA:7,0
DA:10,0
DA:13,0
DA:16,0
DA:18,0
LF:8
LH:0
BRF:0
BRH:0
end_of_record
TN:
SF:routes\enrollments\enrollmentsRt.js
FNF:0
FNH:0
DA:1,1
DA:2,1
DA:8,1
DA:771,1
DA:964,1
DA:1152,1
DA:1403,1
DA:1405,1
LF:8
LH:8
BRF:0
BRH:0
end_of_record
TN:
SF:routes\generalData\generalDataRt.js
FNF:0
FNH:0
DA:1,1
DA:2,1
DA:4,1
DA:275,1
DA:363,1
DA:433,1
DA:497,1
DA:499,1
LF:8
LH:8
BRF:0
BRH:0
end_of_record
TN:
SF:routes\instituteData\academicYearRt.js
FNF:0
FNH:0
DA:1,1
DA:2,1
DA:4,1
DA:281,1
DA:349,1
DA:410,1
DA:465,1
DA:467,1
LF:8
LH:8
BRF:0
BRH:0
end_of_record
TN:
SF:routes\instituteData\departmentRt.js
FNF:0
FNH:0
DA:1,1
DA:2,1
DA:4,1
DA:382,1
DA:790,1
DA:876,1
DA:991,1
DA:993,1
LF:8
LH:8
BRF:0
BRH:0
end_of_record
TN:
SF:routes\instituteData\institutesRt.js
FNF:0
FNH:0
DA:1,1
DA:2,1
DA:4,1
DA:316,1
DA:394,1
DA:455,1
DA:510,1
DA:512,1
LF:8
LH:8
BRF:0
BRH:0
end_of_record
TN:
SF:routes\instituteData\aggregation\gradeBatchesRt.js
FNF:0
FNH:0
DA:1,1
DA:2,1
DA:4,1
DA:453,1
DA:602,1
DA:748,1
DA:961,1
DA:963,1
LF:8
LH:8
BRF:0
BRH:0
end_of_record
TN:
SF:routes\instituteData\aggregation\gradeSectionBatchesRt.js
FNF:0
FNH:0
DA:1,1
DA:2,1
DA:4,1
DA:558,1
DA:687,1
DA:823,1
DA:1011,1
DA:1013,1
LF:8
LH:8
BRF:0
BRH:0
end_of_record
TN:
SF:routes\instituteData\aggregation\gradeSectionsRt.js
FNF:0
FNH:0
DA:1,1
DA:2,1
DA:4,1
DA:514,1
DA:644,1
DA:778,1
DA:976,1
DA:978,1
LF:8
LH:8
BRF:0
BRH:0
end_of_record
TN:
SF:routes\instituteData\aggregation\gradesRt.js
FNF:0
FNH:0
DA:1,1
DA:2,1
DA:4,1
DA:584,1
DA:738,1
DA:887,1
DA:1114,1
DA:1116,1
LF:8
LH:8
BRF:0
BRH:0
end_of_record
TN:
SF:routes\instituteData\aggregation\locationTypesInInstituteRt.js
FNF:0
FNH:0
DA:1,1
DA:2,1
DA:4,1
DA:289,1
DA:354,1
DA:435,1
DA:497,1
DA:552,1
DA:554,1
LF:9
LH:9
BRF:0
BRH:0
end_of_record
TN:
SF:routes\instituteData\aggregation\subjectsRt.js
FNF:0
FNH:0
DA:1,1
DA:2,1
DA:4,1
DA:281,1
DA:353,1
DA:415,1
DA:470,1
DA:472,1
LF:8
LH:8
BRF:0
BRH:0
end_of_record
TN:
SF:routes\membersModule\memberDataRt.js
FNF:0
FNH:0
DA:2,1
DA:3,1
DA:4,1
DA:5,1
DA:314,1
DA:406,1
DA:467,1
DA:522,1
DA:524,1
LF:9
LH:9
BRF:0
BRH:0
end_of_record
TN:
SF:routes\s3Module\s3Rt.js
FN:109,(anonymous_0)
FNF:1
FNH:0
FNDA:0,(anonymous_0)
DA:1,1
DA:2,1
DA:3,1
DA:4,1
DA:5,1
DA:6,1
DA:109,1
DA:110,0
DA:111,0
DA:114,0
DA:115,0
DA:118,0
DA:119,0
DA:122,0
DA:123,0
DA:130,0
DA:131,0
DA:132,0
DA:135,0
DA:136,0
DA:137,0
DA:138,0
DA:144,0
DA:145,0
DA:147,0
DA:148,0
DA:155,0
DA:157,0
DA:164,0
DA:167,0
DA:170,0
DA:172,0
DA:173,0
DA:178,0
DA:186,1
DA:290,1
DA:292,1
LF:37
LH:10
BRDA:114,0,0,0
BRDA:114,0,1,0
BRDA:114,1,0,0
BRDA:114,1,1,0
BRDA:118,2,0,0
BRDA:118,2,1,0
BRDA:118,3,0,0
BRDA:118,3,1,0
BRDA:122,4,0,0
BRDA:122,4,1,0
BRDA:137,5,0,0
BRDA:137,5,1,0
BRDA:155,6,0,0
BRDA:155,6,1,0
BRDA:172,7,0,0
BRDA:172,7,1,0
BRF:16
BRH:0
end_of_record
